2025-02-06 19:30:35,548 - Request: POST http://localhost:8000/api/v1/auth/login
2025-02-06 19:30:37,337 - Request: OPTIONS http://localhost:8000/api/v1/quizzes/active
2025-02-06 19:30:37,350 - Request: OPTIONS http://localhost:8000/api/v1/quizzes/active
2025-02-06 19:30:37,354 - Request: GET http://localhost:8000/api/v1/quizzes/active
2025-02-06 19:30:37,586 - Request: GET http://localhost:8000/api/v1/quizzes/active
2025-02-06 19:30:43,019 - Request: GET http://localhost:8000/api/v1/quizzes/active
2025-02-06 19:30:43,197 - Request: GET http://localhost:8000/api/v1/quizzes/active
2025-02-06 19:30:44,717 - Request: POST http://localhost:8000/api/v1/quiz-attempts/
2025-02-06 19:30:45,062 - Created new quiz attempt for user 1: 38
2025-02-06 19:30:45,122 - Request: GET http://localhost:8000/api/v1/quizzes/4
2025-02-06 19:30:45,310 - Request: GET http://localhost:8000/api/v1/quizzes/4
2025-02-06 19:30:46,498 - Request: OPTIONS http://localhost:8000/api/v1/quiz-attempts/38/submit
2025-02-06 19:30:46,508 - Request: POST http://localhost:8000/api/v1/quiz-attempts/38/submit
2025-02-06 19:34:56,762 - Request: OPTIONS http://localhost:8000/api/v1/auth/login
2025-02-06 19:34:56,769 - Request: POST http://localhost:8000/api/v1/auth/login
2025-02-06 19:34:57,606 - Request: GET http://localhost:8000/api/v1/quizzes/active
2025-02-06 19:34:57,796 - Request: GET http://localhost:8000/api/v1/quizzes/active
2025-02-06 19:35:00,826 - Request: OPTIONS http://localhost:8000/api/v1/quiz-attempts/
2025-02-06 19:35:00,833 - Request: POST http://localhost:8000/api/v1/quiz-attempts/
2025-02-06 19:35:01,229 - Created new quiz attempt for user 1: 39
2025-02-06 19:35:01,339 - Request: OPTIONS http://localhost:8000/api/v1/quizzes/3
2025-02-06 19:35:01,341 - Request: OPTIONS http://localhost:8000/api/v1/quizzes/3
2025-02-06 19:35:01,370 - Request: GET http://localhost:8000/api/v1/quizzes/3
2025-02-06 19:35:01,566 - Request: GET http://localhost:8000/api/v1/quizzes/3
2025-02-06 19:35:02,763 - Request: OPTIONS http://localhost:8000/api/v1/quiz-attempts/39/submit
2025-02-06 19:35:02,774 - Request: POST http://localhost:8000/api/v1/quiz-attempts/39/submit
2025-02-06 19:41:47,892 - Request: POST http://localhost:8000/api/v1/auth/login
2025-02-06 19:41:50,016 - Request: POST http://localhost:8000/api/v1/auth/login
2025-02-06 19:41:50,744 - Request: OPTIONS http://localhost:8000/api/v1/quizzes/active
2025-02-06 19:41:50,756 - Request: GET http://localhost:8000/api/v1/quizzes/active
2025-02-06 19:41:50,760 - Request: OPTIONS http://localhost:8000/api/v1/quizzes/active
2025-02-06 19:41:51,014 - Request: GET http://localhost:8000/api/v1/quizzes/active
2025-02-06 19:41:52,215 - Request: GET http://localhost:8000/api/v1/quizzes/active
2025-02-06 19:41:52,442 - Request: GET http://localhost:8000/api/v1/quizzes/active
2025-02-06 19:41:54,149 - Request: POST http://localhost:8000/api/v1/quiz-attempts/
2025-02-06 19:41:54,573 - Created new quiz attempt for user 1: 40
2025-02-06 19:41:54,634 - Request: OPTIONS http://localhost:8000/api/v1/quizzes/4
2025-02-06 19:41:54,651 - Request: OPTIONS http://localhost:8000/api/v1/quizzes/4
2025-02-06 19:41:54,661 - Request: GET http://localhost:8000/api/v1/quizzes/4
2025-02-06 19:41:54,890 - Request: GET http://localhost:8000/api/v1/quizzes/4
2025-02-06 19:41:56,106 - Request: OPTIONS http://localhost:8000/api/v1/quiz-attempts/40/submit
2025-02-06 19:41:56,115 - Request: POST http://localhost:8000/api/v1/quiz-attempts/40/submit
2025-02-06 19:42:14,050 - Request: GET http://localhost:8000/api/v1/quizzes/active
2025-02-06 19:42:14,292 - Request: GET http://localhost:8000/api/v1/quizzes/active
2025-02-06 19:46:58,561 - Request: OPTIONS http://localhost:8000/api/v1/auth/login
2025-02-06 19:46:58,590 - Request: POST http://localhost:8000/api/v1/auth/login
2025-02-06 19:46:59,467 - Request: GET http://localhost:8000/api/v1/quizzes/active
2025-02-06 19:46:59,687 - Request: GET http://localhost:8000/api/v1/quizzes/active
2025-02-06 19:47:00,851 - Request: GET http://localhost:8000/api/v1/quizzes/active
2025-02-06 19:47:01,043 - Request: GET http://localhost:8000/api/v1/quizzes/active
2025-02-06 19:47:02,448 - Request: OPTIONS http://localhost:8000/api/v1/quiz-attempts/
2025-02-06 19:47:02,454 - Request: POST http://localhost:8000/api/v1/quiz-attempts/
2025-02-06 19:47:02,876 - Created new quiz attempt for user 1: 41
2025-02-06 19:47:02,983 - Request: GET http://localhost:8000/api/v1/quizzes/4
2025-02-06 19:47:03,177 - Request: GET http://localhost:8000/api/v1/quizzes/4
2025-02-06 19:47:04,411 - Request: OPTIONS http://localhost:8000/api/v1/quiz-attempts/41/submit
2025-02-06 19:47:04,417 - Request: POST http://localhost:8000/api/v1/quiz-attempts/41/submit
2025-02-06 19:56:25,747 - Request: POST http://localhost:8000/api/v1/auth/login
2025-02-06 19:56:28,294 - Request: OPTIONS http://localhost:8000/api/v1/quizzes/active
2025-02-06 19:56:28,301 - Request: OPTIONS http://localhost:8000/api/v1/quizzes/active
2025-02-06 19:56:28,309 - Request: GET http://localhost:8000/api/v1/quizzes/active
2025-02-06 19:56:28,495 - Request: GET http://localhost:8000/api/v1/quizzes/active
2025-02-06 19:56:29,618 - Request: GET http://localhost:8000/api/v1/quizzes/active
2025-02-06 19:56:29,803 - Request: GET http://localhost:8000/api/v1/quizzes/active
2025-02-06 19:56:31,026 - Request: POST http://localhost:8000/api/v1/quiz-attempts/
2025-02-06 19:56:31,392 - Request: OPTIONS http://localhost:8000/api/v1/quizzes/4
2025-02-06 19:56:31,397 - Request: OPTIONS http://localhost:8000/api/v1/quizzes/4
2025-02-06 19:56:31,409 - Request: GET http://localhost:8000/api/v1/quizzes/4
2025-02-06 19:56:31,594 - Request: GET http://localhost:8000/api/v1/quizzes/4
2025-02-07 17:43:53,327 - Request: OPTIONS http://localhost:8000/api/v1/auth/login
2025-02-07 17:43:53,336 - Request: POST http://localhost:8000/api/v1/auth/login
2025-02-07 17:43:55,135 - Request: OPTIONS http://localhost:8000/api/v1/quizzes/active
2025-02-07 17:43:55,136 - Request: OPTIONS http://localhost:8000/api/v1/quizzes/active
2025-02-07 17:43:55,146 - Request: GET http://localhost:8000/api/v1/quizzes/active
2025-02-07 17:43:55,410 - Request: GET http://localhost:8000/api/v1/quizzes/active
2025-02-07 17:43:58,021 - Request: GET http://localhost:8000/api/v1/quizzes/active
2025-02-07 17:43:58,269 - Request: GET http://localhost:8000/api/v1/quizzes/active
2025-02-07 17:44:05,073 - Request: OPTIONS http://localhost:8000/api/v1/quiz-attempts/
2025-02-07 17:44:05,080 - Request: POST http://localhost:8000/api/v1/quiz-attempts/
2025-02-07 17:44:05,401 - Request: OPTIONS http://localhost:8000/api/v1/quizzes/4
2025-02-07 17:44:05,402 - Request: OPTIONS http://localhost:8000/api/v1/quizzes/4
2025-02-07 17:44:05,422 - Request: GET http://localhost:8000/api/v1/quizzes/4
2025-02-07 17:44:05,943 - Request: GET http://localhost:8000/api/v1/quizzes/4
2025-02-07 17:46:00,617 - Request: OPTIONS http://localhost:8000/api/v1/quiz-attempts/42/submit
2025-02-07 17:46:00,630 - Request: POST http://localhost:8000/api/v1/quiz-attempts/42/submit
2025-02-07 17:46:07,068 - Request: GET http://localhost:8000/api/v1/quizzes/active
2025-02-07 17:46:07,320 - Request: GET http://localhost:8000/api/v1/quizzes/active
2025-02-07 17:46:26,139 - Request: GET http://localhost:8000/api/v1/quizzes/active
2025-02-07 17:46:26,396 - Request: GET http://localhost:8000/api/v1/quizzes/active
2025-02-07 17:46:32,514 - Request: GET http://localhost:8000/api/v1/quizzes/active
2025-02-07 17:46:32,771 - Request: GET http://localhost:8000/api/v1/quizzes/active
2025-02-07 17:46:35,457 - Request: GET http://localhost:8000/api/v1/quizzes/4
2025-02-07 17:46:35,713 - Request: GET http://localhost:8000/api/v1/quizzes/4
2025-02-07 17:46:36,020 - Request: GET http://localhost:8000/api/v1/quizzes/active
2025-02-07 17:46:36,275 - Request: GET http://localhost:8000/api/v1/quizzes/active
2025-02-07 17:46:36,631 - Request: GET http://localhost:8000/api/v1/quizzes/active
2025-02-07 17:46:36,883 - Request: GET http://localhost:8000/api/v1/quizzes/active
2025-02-07 17:46:40,519 - Request: GET http://localhost:8000/api/v1/quizzes/active
2025-02-07 17:46:40,774 - Request: GET http://localhost:8000/api/v1/quizzes/active
2025-02-07 17:47:55,987 - Request: GET http://localhost:8000/api/v1/quizzes/active
2025-02-07 17:47:56,254 - Request: GET http://localhost:8000/api/v1/quizzes/active
2025-02-07 17:56:36,789 - Request: OPTIONS http://localhost:8000/api/v1/quizzes/active
2025-02-07 17:56:36,792 - Request: OPTIONS http://localhost:8000/api/v1/quizzes/active
2025-02-07 17:56:36,805 - Request: GET http://localhost:8000/api/v1/quizzes/active
2025-02-07 17:56:37,131 - Request: GET http://localhost:8000/api/v1/quizzes/active
2025-02-07 17:56:48,192 - Request: GET http://localhost:8000/api/v1/quizzes/active
2025-02-07 17:56:48,451 - Request: GET http://localhost:8000/api/v1/quizzes/active
2025-02-07 18:03:12,406 - Request: GET http://localhost:8000/api/v1/quizzes/active
2025-02-07 18:03:14,341 - Request: GET http://localhost:8000/api/v1/quizzes/active
2025-02-07 18:03:59,474 - Request: GET http://localhost:8000/api/v1/quizzes/active
2025-02-07 18:03:59,659 - Request: GET http://localhost:8000/api/v1/quizzes/active
2025-02-07 18:04:28,357 - Request: OPTIONS http://localhost:8000/api/v1/auth/login
2025-02-07 18:04:28,368 - Request: POST http://localhost:8000/api/v1/auth/login
2025-02-07 18:04:29,162 - Request: GET http://localhost:8000/api/v1/quizzes/active
2025-02-07 18:04:29,330 - Request: GET http://localhost:8000/api/v1/quizzes/active
2025-02-07 18:04:51,435 - Request: OPTIONS http://localhost:8000/api/v1/users/me
2025-02-07 18:04:51,440 - Request: OPTIONS http://localhost:8000/api/v1/users/me
2025-02-07 18:04:51,442 - Request: GET http://localhost:8000/api/v1/users/me
2025-02-07 18:04:51,584 - Request: GET http://localhost:8000/api/v1/users/me
2025-02-07 18:04:55,893 - Request: GET http://localhost:8000/api/v1/quizzes/active
2025-02-07 18:04:56,063 - Request: GET http://localhost:8000/api/v1/quizzes/active
2025-02-07 18:20:49,580 - Request: OPTIONS http://localhost:8000/api/v1/quizzes/active
2025-02-07 18:20:49,583 - Request: OPTIONS http://localhost:8000/api/v1/quizzes/active
2025-02-07 18:20:49,593 - Request: GET http://localhost:8000/api/v1/quizzes/active
2025-02-07 18:20:51,529 - Request: GET http://localhost:8000/api/v1/quizzes/active
2025-02-07 18:21:01,035 - Request: GET http://localhost:8000/api/v1/quizzes/active
2025-02-07 18:21:01,262 - Request: GET http://localhost:8000/api/v1/quizzes/active
2025-02-07 18:23:51,968 - Request: GET http://localhost:8000/api/v1/quizzes/active
2025-02-07 18:23:53,826 - Request: GET http://localhost:8000/api/v1/quizzes/active
2025-02-07 18:23:56,098 - Request: GET http://localhost:8000/api/v1/quizzes/active
2025-02-07 18:23:56,274 - Request: GET http://localhost:8000/api/v1/quizzes/active
2025-02-07 18:24:14,468 - Request: OPTIONS http://localhost:8000/api/v1/auth/login
2025-02-07 18:24:14,478 - Request: POST http://localhost:8000/api/v1/auth/login
2025-02-07 18:24:15,255 - Request: GET http://localhost:8000/api/v1/quizzes/active
2025-02-07 18:24:15,433 - Request: GET http://localhost:8000/api/v1/quizzes/active
2025-02-07 18:24:38,798 - Request: GET http://localhost:8000/api/v1/quizzes/active
2025-02-07 18:24:38,976 - Request: GET http://localhost:8000/api/v1/quizzes/active
2025-02-07 18:30:59,770 - Request: OPTIONS http://localhost:8000/api/v1/quizzes/active
2025-02-07 18:30:59,771 - Request: OPTIONS http://localhost:8000/api/v1/quizzes/active
2025-02-07 18:30:59,778 - Request: GET http://localhost:8000/api/v1/quizzes/active
2025-02-07 18:30:59,968 - Request: GET http://localhost:8000/api/v1/quizzes/active
2025-02-07 18:31:31,923 - Request: POST http://localhost:8000/api/v1/auth/login
2025-02-07 18:31:33,898 - Request: GET http://localhost:8000/api/v1/quizzes/active
2025-02-07 18:31:35,511 - Request: GET http://localhost:8000/api/v1/quizzes/active
2025-02-07 18:31:54,146 - Request: GET http://localhost:8000/api/v1/quizzes/active
2025-02-07 18:31:54,335 - Request: GET http://localhost:8000/api/v1/quizzes/active
2025-02-07 18:46:43,545 - Request: OPTIONS http://localhost:8000/api/v1/quizzes/active
2025-02-07 18:46:43,557 - Request: OPTIONS http://localhost:8000/api/v1/quizzes/active
2025-02-07 18:46:43,582 - Request: GET http://localhost:8000/api/v1/quizzes/active
2025-02-07 18:46:44,120 - Request: GET http://localhost:8000/api/v1/quizzes/active
2025-02-07 18:46:54,460 - Request: GET http://localhost:8000/api/v1/quizzes/active
2025-02-07 18:46:54,656 - Request: GET http://localhost:8000/api/v1/quizzes/active
2025-02-07 18:46:55,808 - Request: GET http://localhost:8000/api/v1/quizzes/active
2025-02-07 18:46:56,003 - Request: GET http://localhost:8000/api/v1/quizzes/active
2025-02-07 18:46:59,459 - Request: GET http://localhost:8000/api/v1/quizzes/active
2025-02-07 18:46:59,640 - Request: GET http://localhost:8000/api/v1/quizzes/active
2025-02-07 18:47:03,441 - Request: GET http://localhost:8000/api/v1/quizzes/active
2025-02-07 18:47:03,640 - Request: GET http://localhost:8000/api/v1/quizzes/active
2025-02-07 18:47:05,449 - Request: OPTIONS http://localhost:8000/api/v1/quizzes/
2025-02-07 18:47:05,454 - Request: OPTIONS http://localhost:8000/api/v1/quizzes/
2025-02-07 18:47:05,458 - Request: GET http://localhost:8000/api/v1/quizzes/
2025-02-07 18:47:05,704 - Request: GET http://localhost:8000/api/v1/quizzes/
2025-02-07 18:47:09,200 - Request: GET http://localhost:8000/api/v1/quizzes/active
2025-02-07 18:47:09,382 - Request: GET http://localhost:8000/api/v1/quizzes/active
2025-02-07 19:18:48,713 - Request: OPTIONS http://localhost:8000/api/v1/quizzes/active
2025-02-07 19:18:48,719 - Request: OPTIONS http://localhost:8000/api/v1/quizzes/active
2025-02-07 19:18:48,843 - Request: GET http://localhost:8000/api/v1/quizzes/active
2025-02-07 19:18:50,835 - Request: GET http://localhost:8000/api/v1/quizzes/active
2025-02-07 19:18:51,293 - Request: GET http://localhost:8000/api/v1/quizzes/active
2025-02-07 19:18:51,476 - Request: GET http://localhost:8000/api/v1/quizzes/active
2025-02-07 19:18:53,070 - Request: OPTIONS http://localhost:8000/api/v1/quiz-attempts/my-attempts
2025-02-07 19:18:53,072 - Request: OPTIONS http://localhost:8000/api/v1/quiz-attempts/my-attempts
2025-02-07 19:18:53,091 - Request: GET http://localhost:8000/api/v1/quiz-attempts/my-attempts
2025-02-07 19:18:53,342 - Request: GET http://localhost:8000/api/v1/quiz-attempts/my-attempts
2025-02-07 19:23:54,261 - Request: GET http://localhost:8000/api/v1/quiz-attempts/my-attempts
2025-02-07 19:23:54,485 - Request: GET http://localhost:8000/api/v1/quiz-attempts/my-attempts
2025-02-07 19:23:57,231 - Request: GET http://localhost:8000/api/v1/quiz-attempts/my-attempts
2025-02-07 19:23:57,432 - Request: GET http://localhost:8000/api/v1/quiz-attempts/my-attempts
2025-02-07 19:23:59,133 - Request: GET http://localhost:8000/api/v1/quiz-attempts/my-attempts
2025-02-07 19:23:59,351 - Request: GET http://localhost:8000/api/v1/quiz-attempts/my-attempts
2025-02-07 19:27:37,180 - Request: OPTIONS http://localhost:8000/api/v1/auth/login
2025-02-07 19:27:37,189 - Request: POST http://localhost:8000/api/v1/auth/login
2025-02-07 19:27:37,959 - Request: GET http://localhost:8000/api/v1/quizzes/active
2025-02-07 19:27:38,154 - Request: GET http://localhost:8000/api/v1/quizzes/active
2025-02-07 19:27:40,700 - Request: GET http://localhost:8000/api/v1/quizzes/active
2025-02-07 19:27:40,884 - Request: GET http://localhost:8000/api/v1/quizzes/active
2025-02-07 19:27:48,754 - Request: GET http://localhost:8000/api/v1/quiz-attempts/my-attempts
2025-02-07 19:27:48,948 - Request: GET http://localhost:8000/api/v1/quiz-attempts/my-attempts
2025-02-07 19:30:52,507 - Request: OPTIONS http://localhost:8000/api/v1/quiz-attempts/my-attempts
2025-02-07 19:30:52,511 - Request: OPTIONS http://localhost:8000/api/v1/quiz-attempts/my-attempts
2025-02-07 19:30:52,521 - Request: GET http://localhost:8000/api/v1/quiz-attempts/my-attempts
2025-02-07 19:30:52,745 - Request: GET http://localhost:8000/api/v1/quiz-attempts/my-attempts
2025-02-07 19:30:56,105 - Request: GET http://localhost:8000/api/v1/quiz-attempts/my-attempts
2025-02-07 19:30:56,303 - Request: GET http://localhost:8000/api/v1/quiz-attempts/my-attempts
2025-02-07 19:33:22,447 - Request: OPTIONS http://localhost:8000/api/v1/quizzes/active
2025-02-07 19:33:22,451 - Request: OPTIONS http://localhost:8000/api/v1/quizzes/active
2025-02-07 19:33:22,471 - Request: GET http://localhost:8000/api/v1/quizzes/active
2025-02-07 19:33:23,686 - Request: GET http://localhost:8000/api/v1/quizzes/active
2025-02-07 19:33:24,001 - Request: GET http://localhost:8000/api/v1/quizzes/active
2025-02-07 19:33:24,247 - Request: GET http://localhost:8000/api/v1/quizzes/active
2025-02-07 19:33:26,196 - Request: GET http://localhost:8000/api/v1/quiz-attempts/my-attempts
2025-02-07 19:33:26,448 - Request: GET http://localhost:8000/api/v1/quiz-attempts/my-attempts
2025-02-07 19:33:26,453 - Request: OPTIONS http://localhost:8000/api/v1/quizzes/4
2025-02-07 19:33:26,460 - Request: OPTIONS http://localhost:8000/api/v1/quizzes/4
2025-02-07 19:33:26,467 - Request: OPTIONS http://localhost:8000/api/v1/quizzes/4
2025-02-07 19:33:26,475 - Request: OPTIONS http://localhost:8000/api/v1/quizzes/3
2025-02-07 19:33:26,479 - Request: OPTIONS http://localhost:8000/api/v1/quizzes/4
2025-02-07 19:33:26,489 - Request: OPTIONS http://localhost:8000/api/v1/quizzes/4
2025-02-07 19:33:26,508 - Request: OPTIONS http://localhost:8000/api/v1/quizzes/4
2025-02-07 19:33:26,513 - Request: OPTIONS http://localhost:8000/api/v1/quizzes/4
2025-02-07 19:33:26,514 - Request: OPTIONS http://localhost:8000/api/v1/quizzes/4
2025-02-07 19:33:26,515 - Request: OPTIONS http://localhost:8000/api/v1/quizzes/4
2025-02-07 19:33:26,532 - Request: OPTIONS http://localhost:8000/api/v1/quizzes/4
2025-02-07 19:33:26,537 - Request: OPTIONS http://localhost:8000/api/v1/quizzes/4
2025-02-07 19:33:26,544 - Request: OPTIONS http://localhost:8000/api/v1/quizzes/4
2025-02-07 19:33:26,577 - Request: OPTIONS http://localhost:8000/api/v1/quizzes/1
2025-02-07 19:33:26,578 - Request: OPTIONS http://localhost:8000/api/v1/quizzes/1
2025-02-07 19:33:26,598 - Request: OPTIONS http://localhost:8000/api/v1/quizzes/1
2025-02-07 19:33:26,601 - Request: OPTIONS http://localhost:8000/api/v1/quizzes/1
2025-02-07 19:33:26,602 - Request: OPTIONS http://localhost:8000/api/v1/quizzes/1
2025-02-07 19:33:26,627 - Request: OPTIONS http://localhost:8000/api/v1/quizzes/1
2025-02-07 19:33:26,628 - Request: OPTIONS http://localhost:8000/api/v1/quizzes/1
2025-02-07 19:33:26,668 - Request: OPTIONS http://localhost:8000/api/v1/quizzes/1
2025-02-07 19:33:26,670 - Request: OPTIONS http://localhost:8000/api/v1/quizzes/1
2025-02-07 19:33:26,671 - Request: OPTIONS http://localhost:8000/api/v1/quizzes/1
2025-02-07 19:33:26,686 - Request: OPTIONS http://localhost:8000/api/v1/quizzes/1
2025-02-07 19:33:26,687 - Request: OPTIONS http://localhost:8000/api/v1/quizzes/1
2025-02-07 19:33:26,701 - Request: OPTIONS http://localhost:8000/api/v1/quizzes/1
2025-02-07 19:33:26,719 - Request: OPTIONS http://localhost:8000/api/v1/quizzes/1
2025-02-07 19:33:26,736 - Request: OPTIONS http://localhost:8000/api/v1/quizzes/1
2025-02-07 19:33:26,738 - Request: OPTIONS http://localhost:8000/api/v1/quizzes/1
2025-02-07 19:33:26,747 - Request: OPTIONS http://localhost:8000/api/v1/quizzes/1
2025-02-07 19:33:26,748 - Request: OPTIONS http://localhost:8000/api/v1/quizzes/1
2025-02-07 19:33:26,759 - Request: OPTIONS http://localhost:8000/api/v1/quizzes/1
2025-02-07 19:33:26,769 - Request: OPTIONS http://localhost:8000/api/v1/quizzes/1
2025-02-07 19:33:26,787 - Request: OPTIONS http://localhost:8000/api/v1/quizzes/1
2025-02-07 19:33:26,797 - Request: OPTIONS http://localhost:8000/api/v1/quizzes/1
2025-02-07 19:33:26,809 - Request: OPTIONS http://localhost:8000/api/v1/quizzes/1
2025-02-07 19:33:26,811 - Request: OPTIONS http://localhost:8000/api/v1/quizzes/1
2025-02-07 19:33:26,812 - Request: GET http://localhost:8000/api/v1/quizzes/4
2025-02-07 19:33:26,820 - Request: OPTIONS http://localhost:8000/api/v1/quizzes/1
2025-02-07 19:33:26,837 - Request: OPTIONS http://localhost:8000/api/v1/quizzes/1
2025-02-07 19:33:26,847 - Request: OPTIONS http://localhost:8000/api/v1/quizzes/2
2025-02-07 19:33:26,869 - Request: OPTIONS http://localhost:8000/api/v1/quizzes/1
2025-02-07 19:33:26,877 - Request: OPTIONS http://localhost:8000/api/v1/quizzes/1
2025-02-07 19:33:26,885 - Request: GET http://localhost:8000/api/v1/quizzes/3
2025-02-07 19:33:26,897 - Request: GET http://localhost:8000/api/v1/quizzes/1
2025-02-07 19:33:26,904 - Request: OPTIONS http://localhost:8000/api/v1/quizzes/2
2025-02-07 19:33:26,937 - Request: GET http://localhost:8000/api/v1/quizzes/2
2025-02-07 19:33:27,079 - Request: GET http://localhost:8000/api/v1/quizzes/4
2025-02-07 19:33:27,326 - Request: GET http://localhost:8000/api/v1/quizzes/4
2025-02-07 19:33:27,349 - Request: GET http://localhost:8000/api/v1/quizzes/1
2025-02-07 19:33:27,355 - Request: GET http://localhost:8000/api/v1/quizzes/2
2025-02-07 19:33:27,535 - Request: GET http://localhost:8000/api/v1/quizzes/3
2025-02-07 19:33:27,538 - Request: GET http://localhost:8000/api/v1/quizzes/1
2025-02-07 19:33:27,576 - Request: GET http://localhost:8000/api/v1/quizzes/4
2025-02-07 19:33:27,711 - Request: GET http://localhost:8000/api/v1/quizzes/1
2025-02-07 19:33:27,740 - Request: GET http://localhost:8000/api/v1/quizzes/4
2025-02-07 19:33:27,910 - Request: GET http://localhost:8000/api/v1/quizzes/4
2025-02-07 19:33:27,953 - Request: GET http://localhost:8000/api/v1/quizzes/1
2025-02-07 19:33:28,072 - Request: GET http://localhost:8000/api/v1/quizzes/4
2025-02-07 19:33:28,197 - Request: GET http://localhost:8000/api/v1/quizzes/1
2025-02-07 19:33:28,238 - Request: GET http://localhost:8000/api/v1/quizzes/4
2025-02-07 19:33:28,399 - Request: GET http://localhost:8000/api/v1/quizzes/4
2025-02-07 19:33:28,437 - Request: GET http://localhost:8000/api/v1/quizzes/1
2025-02-07 19:33:28,595 - Request: GET http://localhost:8000/api/v1/quizzes/1
2025-02-07 19:33:28,644 - Request: GET http://localhost:8000/api/v1/quizzes/4
2025-02-07 19:33:28,757 - Request: GET http://localhost:8000/api/v1/quizzes/1
2025-02-07 19:33:28,894 - Request: GET http://localhost:8000/api/v1/quizzes/4
2025-02-07 19:33:28,924 - Request: GET http://localhost:8000/api/v1/quizzes/1
2025-02-07 19:33:29,105 - Request: GET http://localhost:8000/api/v1/quizzes/1
2025-02-07 19:33:29,143 - Request: GET http://localhost:8000/api/v1/quizzes/4
2025-02-07 19:33:29,317 - Request: GET http://localhost:8000/api/v1/quizzes/4
2025-02-07 19:33:29,353 - Request: GET http://localhost:8000/api/v1/quizzes/1
2025-02-07 19:33:29,481 - Request: GET http://localhost:8000/api/v1/quizzes/4
2025-02-07 19:33:29,611 - Request: GET http://localhost:8000/api/v1/quizzes/1
2025-02-07 19:33:29,657 - Request: GET http://localhost:8000/api/v1/quizzes/4
2025-02-07 19:33:29,833 - Request: GET http://localhost:8000/api/v1/quizzes/4
2025-02-07 19:33:29,865 - Request: GET http://localhost:8000/api/v1/quizzes/1
2025-02-07 19:33:30,036 - Request: GET http://localhost:8000/api/v1/quizzes/1
2025-02-07 19:33:30,084 - Request: GET http://localhost:8000/api/v1/quizzes/4
2025-02-07 19:33:30,194 - Request: GET http://localhost:8000/api/v1/quizzes/1
2025-02-07 19:33:30,326 - Request: GET http://localhost:8000/api/v1/quizzes/4
2025-02-07 19:33:30,353 - Request: GET http://localhost:8000/api/v1/quizzes/1
2025-02-07 19:33:30,510 - Request: GET http://localhost:8000/api/v1/quizzes/1
2025-02-07 19:33:30,564 - Request: GET http://localhost:8000/api/v1/quizzes/4
2025-02-07 19:33:30,730 - Request: GET http://localhost:8000/api/v1/quizzes/4
2025-02-07 19:33:30,753 - Request: GET http://localhost:8000/api/v1/quizzes/1
2025-02-07 19:33:30,895 - Request: GET http://localhost:8000/api/v1/quizzes/4
2025-02-07 19:33:31,000 - Request: GET http://localhost:8000/api/v1/quizzes/1
2025-02-07 19:33:31,062 - Request: GET http://localhost:8000/api/v1/quizzes/4
2025-02-07 19:33:31,230 - Request: GET http://localhost:8000/api/v1/quizzes/4
2025-02-07 19:33:31,243 - Request: GET http://localhost:8000/api/v1/quizzes/1
2025-02-07 19:33:31,406 - Request: GET http://localhost:8000/api/v1/quizzes/1
2025-02-07 19:33:31,478 - Request: GET http://localhost:8000/api/v1/quizzes/4
2025-02-07 19:33:31,571 - Request: GET http://localhost:8000/api/v1/quizzes/1
2025-02-07 19:33:31,735 - Request: GET http://localhost:8000/api/v1/quizzes/1
2025-02-07 19:33:31,974 - Request: GET http://localhost:8000/api/v1/quizzes/1
2025-02-07 19:33:32,130 - Request: GET http://localhost:8000/api/v1/quizzes/1
2025-02-07 19:33:32,370 - Request: GET http://localhost:8000/api/v1/quizzes/1
2025-02-07 19:33:32,526 - Request: GET http://localhost:8000/api/v1/quizzes/1
2025-02-07 19:33:32,771 - Request: GET http://localhost:8000/api/v1/quizzes/1
2025-02-07 19:33:32,945 - Request: GET http://localhost:8000/api/v1/quizzes/1
2025-02-07 19:33:33,186 - Request: GET http://localhost:8000/api/v1/quizzes/1
2025-02-07 19:33:33,347 - Request: GET http://localhost:8000/api/v1/quizzes/1
2025-02-07 19:33:33,591 - Request: GET http://localhost:8000/api/v1/quizzes/1
2025-02-07 19:33:33,754 - Request: GET http://localhost:8000/api/v1/quizzes/1
2025-02-07 19:33:33,999 - Request: GET http://localhost:8000/api/v1/quizzes/1
2025-02-07 19:33:34,165 - Request: GET http://localhost:8000/api/v1/quizzes/1
2025-02-07 19:33:34,403 - Request: GET http://localhost:8000/api/v1/quizzes/1
2025-02-07 19:33:34,562 - Request: GET http://localhost:8000/api/v1/quizzes/1
2025-02-07 19:33:34,803 - Request: GET http://localhost:8000/api/v1/quizzes/1
2025-02-07 19:33:34,962 - Request: GET http://localhost:8000/api/v1/quizzes/1
2025-02-07 19:33:35,198 - Request: GET http://localhost:8000/api/v1/quizzes/1
2025-02-07 19:33:35,354 - Request: GET http://localhost:8000/api/v1/quizzes/1
2025-02-07 19:33:35,590 - Request: GET http://localhost:8000/api/v1/quizzes/1
2025-02-07 19:33:35,754 - Request: GET http://localhost:8000/api/v1/quizzes/1
2025-02-07 19:33:35,995 - Request: GET http://localhost:8000/api/v1/quizzes/1
2025-02-07 19:33:36,158 - Request: GET http://localhost:8000/api/v1/quizzes/1
2025-02-07 19:33:36,398 - Request: GET http://localhost:8000/api/v1/quizzes/1
2025-02-07 19:33:36,553 - Request: GET http://localhost:8000/api/v1/quizzes/1
2025-02-07 19:33:36,790 - Request: GET http://localhost:8000/api/v1/quizzes/1
2025-02-07 19:33:36,949 - Request: GET http://localhost:8000/api/v1/quizzes/1
2025-02-07 19:33:37,186 - Request: GET http://localhost:8000/api/v1/quizzes/1
2025-02-07 19:33:37,341 - Request: GET http://localhost:8000/api/v1/quizzes/1
2025-02-07 19:33:37,578 - Request: GET http://localhost:8000/api/v1/quizzes/1
2025-02-07 19:33:37,737 - Request: GET http://localhost:8000/api/v1/quizzes/1
2025-02-07 19:33:37,981 - Request: GET http://localhost:8000/api/v1/quizzes/1
2025-02-07 19:33:38,138 - Request: GET http://localhost:8000/api/v1/quizzes/1
2025-02-07 19:41:37,651 - Request: OPTIONS http://localhost:8000/api/v1/quiz-attempts/my-attempts
2025-02-07 19:41:37,664 - Request: OPTIONS http://localhost:8000/api/v1/quiz-attempts/my-attempts
2025-02-07 19:41:37,691 - Request: GET http://localhost:8000/api/v1/quiz-attempts/my-attempts
2025-02-07 19:41:38,031 - Request: GET http://localhost:8000/api/v1/quiz-attempts/my-attempts
2025-02-07 19:41:38,036 - Request: GET http://localhost:8000/api/v1/quizzes/4
2025-02-07 19:41:38,047 - Request: GET http://localhost:8000/api/v1/quizzes/3
2025-02-07 19:41:38,056 - Request: GET http://localhost:8000/api/v1/quizzes/1
2025-02-07 19:41:38,065 - Request: GET http://localhost:8000/api/v1/quizzes/2
2025-02-07 19:41:38,216 - Request: GET http://localhost:8000/api/v1/quizzes/4
2025-02-07 19:41:38,223 - Request: GET http://localhost:8000/api/v1/quizzes/1
2025-02-07 19:41:38,309 - Request: GET http://localhost:8000/api/v1/quizzes/3
2025-02-07 19:41:38,384 - Request: GET http://localhost:8000/api/v1/quizzes/4
2025-02-07 19:41:38,399 - Request: GET http://localhost:8000/api/v1/quizzes/1
2025-02-07 19:41:38,574 - Request: GET http://localhost:8000/api/v1/quizzes/1
2025-02-07 19:41:38,636 - Request: GET http://localhost:8000/api/v1/quizzes/4
2025-02-07 19:41:38,738 - Request: GET http://localhost:8000/api/v1/quizzes/1
2025-02-07 19:41:38,880 - Request: GET http://localhost:8000/api/v1/quizzes/4
2025-02-07 19:41:38,898 - Request: GET http://localhost:8000/api/v1/quizzes/1
2025-02-07 19:41:39,072 - Request: GET http://localhost:8000/api/v1/quizzes/1
2025-02-07 19:41:39,137 - Request: GET http://localhost:8000/api/v1/quizzes/4
2025-02-07 19:41:39,317 - Request: GET http://localhost:8000/api/v1/quizzes/4
2025-02-07 19:41:39,327 - Request: GET http://localhost:8000/api/v1/quizzes/1
2025-02-07 19:41:39,481 - Request: GET http://localhost:8000/api/v1/quizzes/4
2025-02-07 19:41:39,564 - Request: GET http://localhost:8000/api/v1/quizzes/1
2025-02-07 19:41:39,626 - Request: GET http://localhost:8000/api/v1/quizzes/2
2025-02-07 19:41:39,642 - Request: GET http://localhost:8000/api/v1/quizzes/4
2025-02-07 19:41:39,806 - Request: GET http://localhost:8000/api/v1/quizzes/1
2025-02-07 19:41:39,885 - Request: GET http://localhost:8000/api/v1/quizzes/4
2025-02-07 19:41:39,968 - Request: GET http://localhost:8000/api/v1/quizzes/1
2025-02-07 19:41:40,040 - Request: GET http://localhost:8000/api/v1/quizzes/4
2025-02-07 19:41:40,126 - Request: GET http://localhost:8000/api/v1/quizzes/1
2025-02-07 19:41:40,286 - Request: GET http://localhost:8000/api/v1/quizzes/4
2025-02-07 19:41:40,370 - Request: GET http://localhost:8000/api/v1/quizzes/1
2025-02-07 19:41:40,454 - Request: GET http://localhost:8000/api/v1/quizzes/4
2025-02-07 19:41:40,546 - Request: GET http://localhost:8000/api/v1/quizzes/1
2025-02-07 19:41:40,621 - Request: GET http://localhost:8000/api/v1/quizzes/4
2025-02-07 19:41:40,783 - Request: GET http://localhost:8000/api/v1/quizzes/1
2025-02-07 19:41:40,853 - Request: GET http://localhost:8000/api/v1/quizzes/4
2025-02-07 19:41:40,949 - Request: GET http://localhost:8000/api/v1/quizzes/1
2025-02-07 19:41:41,017 - Request: GET http://localhost:8000/api/v1/quizzes/4
2025-02-07 19:41:41,113 - Request: GET http://localhost:8000/api/v1/quizzes/1
2025-02-07 19:41:41,258 - Request: GET http://localhost:8000/api/v1/quizzes/4
2025-02-07 19:41:41,349 - Request: GET http://localhost:8000/api/v1/quizzes/1
2025-02-07 19:41:41,415 - Request: GET http://localhost:8000/api/v1/quizzes/4
2025-02-07 19:41:41,511 - Request: GET http://localhost:8000/api/v1/quizzes/1
2025-02-07 19:41:41,572 - Request: GET http://localhost:8000/api/v1/quizzes/4
2025-02-07 19:41:41,750 - Request: GET http://localhost:8000/api/v1/quizzes/1
2025-02-07 19:41:41,810 - Request: GET http://localhost:8000/api/v1/quizzes/4
2025-02-07 19:41:41,913 - Request: GET http://localhost:8000/api/v1/quizzes/1
2025-02-07 19:41:41,978 - Request: GET http://localhost:8000/api/v1/quizzes/4
2025-02-07 19:41:42,081 - Request: GET http://localhost:8000/api/v1/quizzes/1
2025-02-07 19:41:42,221 - Request: GET http://localhost:8000/api/v1/quizzes/4
2025-02-07 19:41:42,316 - Request: GET http://localhost:8000/api/v1/quizzes/1
2025-02-07 19:41:42,373 - Request: GET http://localhost:8000/api/v1/quizzes/4
2025-02-07 19:41:42,474 - Request: GET http://localhost:8000/api/v1/quizzes/1
2025-02-07 19:41:42,539 - Request: GET http://localhost:8000/api/v1/quizzes/4
2025-02-07 19:41:42,713 - Request: GET http://localhost:8000/api/v1/quizzes/1
2025-02-07 19:41:42,869 - Request: GET http://localhost:8000/api/v1/quizzes/1
2025-02-07 19:41:43,024 - Request: GET http://localhost:8000/api/v1/quizzes/1
2025-02-07 19:41:43,182 - Request: GET http://localhost:8000/api/v1/quizzes/1
2025-02-07 19:41:43,425 - Request: GET http://localhost:8000/api/v1/quizzes/1
2025-02-07 19:41:43,672 - Request: GET http://localhost:8000/api/v1/quizzes/1
2025-02-07 19:41:43,829 - Request: GET http://localhost:8000/api/v1/quizzes/1
2025-02-07 19:41:43,992 - Request: GET http://localhost:8000/api/v1/quizzes/1
2025-02-07 19:41:44,159 - Request: GET http://localhost:8000/api/v1/quizzes/1
2025-02-07 19:41:44,396 - Request: GET http://localhost:8000/api/v1/quizzes/1
2025-02-07 19:41:44,641 - Request: GET http://localhost:8000/api/v1/quizzes/1
2025-02-07 19:41:44,799 - Request: GET http://localhost:8000/api/v1/quizzes/1
2025-02-07 19:41:44,844 - Request: GET http://localhost:8000/api/v1/quiz-attempts/my-attempts
2025-02-07 19:41:44,963 - Request: GET http://localhost:8000/api/v1/quizzes/1
2025-02-07 19:41:45,014 - Request: GET http://localhost:8000/api/v1/quiz-attempts/my-attempts
2025-02-07 19:41:45,019 - Request: GET http://localhost:8000/api/v1/quizzes/4
2025-02-07 19:41:45,029 - Request: GET http://localhost:8000/api/v1/quizzes/3
2025-02-07 19:41:45,047 - Request: GET http://localhost:8000/api/v1/quizzes/2
2025-02-07 19:41:45,182 - Request: GET http://localhost:8000/api/v1/quizzes/4
2025-02-07 19:41:45,214 - Request: GET http://localhost:8000/api/v1/quizzes/1
2025-02-07 19:41:45,274 - Request: GET http://localhost:8000/api/v1/quizzes/3
2025-02-07 19:41:45,298 - Request: GET http://localhost:8000/api/v1/quizzes/2
2025-02-07 19:41:45,355 - Request: GET http://localhost:8000/api/v1/quizzes/4
2025-02-07 19:41:45,394 - Request: GET http://localhost:8000/api/v1/quizzes/1
2025-02-07 19:41:45,557 - Request: GET http://localhost:8000/api/v1/quizzes/1
2025-02-07 19:41:45,601 - Request: GET http://localhost:8000/api/v1/quizzes/4
2025-02-07 19:41:45,721 - Request: GET http://localhost:8000/api/v1/quizzes/1
2025-02-07 19:41:45,768 - Request: GET http://localhost:8000/api/v1/quizzes/4
2025-02-07 19:41:45,945 - Request: GET http://localhost:8000/api/v1/quizzes/4
2025-02-07 19:41:45,968 - Request: GET http://localhost:8000/api/v1/quizzes/1
2025-02-07 19:41:46,132 - Request: GET http://localhost:8000/api/v1/quizzes/1
2025-02-07 19:41:46,186 - Request: GET http://localhost:8000/api/v1/quizzes/4
2025-02-07 19:41:46,292 - Request: GET http://localhost:8000/api/v1/quizzes/1
2025-02-07 19:41:46,348 - Request: GET http://localhost:8000/api/v1/quizzes/4
2025-02-07 19:41:46,508 - Request: GET http://localhost:8000/api/v1/quizzes/4
2025-02-07 19:41:46,531 - Request: GET http://localhost:8000/api/v1/quizzes/1
2025-02-07 19:41:46,688 - Request: GET http://localhost:8000/api/v1/quizzes/1
2025-02-07 19:41:46,746 - Request: GET http://localhost:8000/api/v1/quizzes/4
2025-02-07 19:41:46,846 - Request: GET http://localhost:8000/api/v1/quizzes/1
2025-02-07 19:41:46,907 - Request: GET http://localhost:8000/api/v1/quizzes/4
2025-02-07 19:41:47,067 - Request: GET http://localhost:8000/api/v1/quizzes/4
2025-02-07 19:41:47,085 - Request: GET http://localhost:8000/api/v1/quizzes/1
2025-02-07 19:41:47,242 - Request: GET http://localhost:8000/api/v1/quizzes/1
2025-02-07 19:41:47,305 - Request: GET http://localhost:8000/api/v1/quizzes/4
2025-02-07 19:41:47,403 - Request: GET http://localhost:8000/api/v1/quizzes/1
2025-02-07 19:41:47,480 - Request: GET http://localhost:8000/api/v1/quizzes/4
2025-02-07 19:41:47,641 - Request: GET http://localhost:8000/api/v1/quizzes/4
2025-02-07 19:41:47,649 - Request: GET http://localhost:8000/api/v1/quizzes/1
2025-02-07 19:41:47,804 - Request: GET http://localhost:8000/api/v1/quizzes/1
2025-02-07 19:41:47,881 - Request: GET http://localhost:8000/api/v1/quizzes/4
2025-02-07 19:41:47,964 - Request: GET http://localhost:8000/api/v1/quizzes/1
2025-02-07 19:41:48,043 - Request: GET http://localhost:8000/api/v1/quizzes/4
2025-02-07 19:41:48,210 - Request: GET http://localhost:8000/api/v1/quizzes/4
2025-02-07 19:41:48,218 - Request: GET http://localhost:8000/api/v1/quizzes/1
2025-02-07 19:41:48,381 - Request: GET http://localhost:8000/api/v1/quizzes/1
2025-02-07 19:41:48,450 - Request: GET http://localhost:8000/api/v1/quizzes/4
2025-02-07 19:41:48,537 - Request: GET http://localhost:8000/api/v1/quizzes/1
2025-02-07 19:41:48,609 - Request: GET http://localhost:8000/api/v1/quizzes/4
2025-02-07 19:41:48,773 - Request: GET http://localhost:8000/api/v1/quizzes/4
2025-02-07 19:41:48,775 - Request: GET http://localhost:8000/api/v1/quizzes/1
2025-02-07 19:41:48,958 - Request: GET http://localhost:8000/api/v1/quizzes/1
2025-02-07 19:41:49,017 - Request: GET http://localhost:8000/api/v1/quizzes/4
2025-02-07 19:41:49,123 - Request: GET http://localhost:8000/api/v1/quizzes/1
2025-02-07 19:41:49,185 - Request: GET http://localhost:8000/api/v1/quizzes/4
2025-02-07 19:41:49,347 - Request: GET http://localhost:8000/api/v1/quizzes/4
2025-02-07 19:41:49,375 - Request: GET http://localhost:8000/api/v1/quizzes/1
2025-02-07 19:41:49,532 - Request: GET http://localhost:8000/api/v1/quizzes/1
2025-02-07 19:41:49,695 - Request: GET http://localhost:8000/api/v1/quizzes/1
2025-02-07 19:41:49,854 - Request: GET http://localhost:8000/api/v1/quizzes/1
2025-02-07 19:41:50,093 - Request: GET http://localhost:8000/api/v1/quizzes/1
2025-02-07 19:41:50,251 - Request: GET http://localhost:8000/api/v1/quizzes/1
2025-02-07 19:41:50,490 - Request: GET http://localhost:8000/api/v1/quizzes/1
2025-02-07 19:41:50,650 - Request: GET http://localhost:8000/api/v1/quizzes/1
2025-02-07 19:41:50,810 - Request: GET http://localhost:8000/api/v1/quizzes/1
2025-02-07 19:41:51,049 - Request: GET http://localhost:8000/api/v1/quizzes/1
2025-02-07 19:41:51,209 - Request: GET http://localhost:8000/api/v1/quizzes/1
2025-02-07 19:41:51,445 - Request: GET http://localhost:8000/api/v1/quizzes/1
2025-02-07 19:41:51,607 - Request: GET http://localhost:8000/api/v1/quizzes/1
2025-02-07 19:41:51,762 - Request: GET http://localhost:8000/api/v1/quizzes/1
2025-02-07 19:41:52,002 - Request: GET http://localhost:8000/api/v1/quizzes/1
2025-02-07 19:41:52,166 - Request: GET http://localhost:8000/api/v1/quizzes/1
2025-02-07 19:41:52,405 - Request: GET http://localhost:8000/api/v1/quizzes/1
2025-02-07 19:41:52,566 - Request: GET http://localhost:8000/api/v1/quizzes/1
2025-02-07 19:41:52,721 - Request: GET http://localhost:8000/api/v1/quizzes/1
2025-02-07 19:41:52,966 - Request: GET http://localhost:8000/api/v1/quizzes/1
2025-02-07 19:41:53,121 - Request: GET http://localhost:8000/api/v1/quizzes/1
2025-02-07 19:41:53,357 - Request: GET http://localhost:8000/api/v1/quizzes/1
2025-02-07 19:41:53,514 - Request: GET http://localhost:8000/api/v1/quizzes/1
2025-02-07 19:41:53,673 - Request: GET http://localhost:8000/api/v1/quizzes/1
2025-02-07 19:41:53,913 - Request: GET http://localhost:8000/api/v1/quizzes/1
2025-02-07 19:41:54,076 - Request: GET http://localhost:8000/api/v1/quizzes/1
2025-02-07 19:41:54,314 - Request: GET http://localhost:8000/api/v1/quizzes/1
2025-02-07 19:41:54,470 - Request: GET http://localhost:8000/api/v1/quizzes/1
2025-02-07 19:41:54,630 - Request: GET http://localhost:8000/api/v1/quizzes/1
2025-02-07 19:41:54,869 - Request: GET http://localhost:8000/api/v1/quizzes/1
2025-02-07 19:41:55,035 - Request: GET http://localhost:8000/api/v1/quizzes/1
2025-02-07 19:41:55,287 - Request: GET http://localhost:8000/api/v1/quizzes/1
2025-02-07 19:41:55,448 - Request: GET http://localhost:8000/api/v1/quizzes/1
2025-02-07 19:41:55,607 - Request: GET http://localhost:8000/api/v1/quizzes/1
2025-02-07 19:41:55,855 - Request: GET http://localhost:8000/api/v1/quizzes/1
2025-02-07 19:41:56,024 - Request: GET http://localhost:8000/api/v1/quizzes/1
2025-02-07 19:41:56,305 - Request: GET http://localhost:8000/api/v1/quizzes/1
2025-02-07 19:41:56,501 - Request: GET http://localhost:8000/api/v1/quizzes/1
2025-02-07 19:41:56,683 - Request: GET http://localhost:8000/api/v1/quizzes/1
2025-02-07 19:41:56,923 - Request: GET http://localhost:8000/api/v1/quizzes/1
2025-02-07 19:41:57,081 - Request: GET http://localhost:8000/api/v1/quizzes/1
2025-02-07 19:41:57,315 - Request: GET http://localhost:8000/api/v1/quizzes/1
2025-02-07 19:41:57,485 - Request: GET http://localhost:8000/api/v1/quizzes/1
2025-02-07 19:41:57,655 - Request: GET http://localhost:8000/api/v1/quizzes/1
2025-02-07 19:41:57,902 - Request: GET http://localhost:8000/api/v1/quizzes/1
2025-02-07 19:41:58,062 - Request: GET http://localhost:8000/api/v1/quizzes/1
2025-02-07 19:41:58,297 - Request: GET http://localhost:8000/api/v1/quizzes/1
2025-02-07 19:41:58,455 - Request: GET http://localhost:8000/api/v1/quizzes/1
2025-02-07 19:41:58,613 - Request: GET http://localhost:8000/api/v1/quizzes/1
2025-02-07 19:41:58,853 - Request: GET http://localhost:8000/api/v1/quizzes/1
2025-02-07 19:41:59,014 - Request: GET http://localhost:8000/api/v1/quizzes/1
2025-02-07 19:41:59,258 - Request: GET http://localhost:8000/api/v1/quizzes/1
2025-02-07 19:41:59,414 - Request: GET http://localhost:8000/api/v1/quizzes/1
2025-02-07 19:47:24,642 - Request: OPTIONS http://localhost:8000/api/v1/quizzes/active
2025-02-07 19:47:24,646 - Request: OPTIONS http://localhost:8000/api/v1/quizzes/active
2025-02-07 19:47:24,660 - Request: GET http://localhost:8000/api/v1/quizzes/active
2025-02-07 19:47:28,025 - Request: GET http://localhost:8000/api/v1/quizzes/active
2025-02-07 19:47:41,589 - Request: GET http://localhost:8000/api/v1/quiz-attempts/my-attempts
2025-02-07 19:47:42,977 - Request: GET http://localhost:8000/api/v1/quiz-attempts/my-attempts
2025-02-07 19:47:42,984 - Request: OPTIONS http://localhost:8000/api/v1/quizzes/4
2025-02-07 19:47:42,992 - Request: OPTIONS http://localhost:8000/api/v1/quizzes/4
2025-02-07 19:47:42,995 - Request: OPTIONS http://localhost:8000/api/v1/quizzes/4
2025-02-07 19:47:42,998 - Request: OPTIONS http://localhost:8000/api/v1/quizzes/3
2025-02-07 19:47:43,003 - Request: OPTIONS http://localhost:8000/api/v1/quizzes/4
2025-02-07 19:47:43,007 - Request: OPTIONS http://localhost:8000/api/v1/quizzes/4
2025-02-07 19:47:43,017 - Request: OPTIONS http://localhost:8000/api/v1/quizzes/4
2025-02-07 19:47:43,023 - Request: OPTIONS http://localhost:8000/api/v1/quizzes/4
2025-02-07 19:47:43,028 - Request: OPTIONS http://localhost:8000/api/v1/quizzes/4
2025-02-07 19:47:43,032 - Request: OPTIONS http://localhost:8000/api/v1/quizzes/4
2025-02-07 19:47:43,067 - Request: OPTIONS http://localhost:8000/api/v1/quizzes/4
2025-02-07 19:47:43,079 - Request: OPTIONS http://localhost:8000/api/v1/quizzes/4
2025-02-07 19:47:43,080 - Request: OPTIONS http://localhost:8000/api/v1/quizzes/1
2025-02-07 19:47:43,081 - Request: OPTIONS http://localhost:8000/api/v1/quizzes/4
2025-02-07 19:47:43,089 - Request: OPTIONS http://localhost:8000/api/v1/quizzes/1
2025-02-07 19:47:43,116 - Request: OPTIONS http://localhost:8000/api/v1/quizzes/1
2025-02-07 19:47:43,138 - Request: GET http://localhost:8000/api/v1/quizzes/4
2025-02-07 19:47:43,139 - Request: OPTIONS http://localhost:8000/api/v1/quizzes/1
2025-02-07 19:47:43,140 - Request: OPTIONS http://localhost:8000/api/v1/quizzes/1
2025-02-07 19:47:43,142 - Request: OPTIONS http://localhost:8000/api/v1/quizzes/1
2025-02-07 19:47:43,163 - Request: OPTIONS http://localhost:8000/api/v1/quizzes/1
2025-02-07 19:47:43,179 - Request: OPTIONS http://localhost:8000/api/v1/quizzes/1
2025-02-07 19:47:43,191 - Request: OPTIONS http://localhost:8000/api/v1/quizzes/1
2025-02-07 19:47:43,199 - Request: OPTIONS http://localhost:8000/api/v1/quizzes/1
2025-02-07 19:47:43,200 - Request: OPTIONS http://localhost:8000/api/v1/quizzes/1
2025-02-07 19:47:43,218 - Request: OPTIONS http://localhost:8000/api/v1/quizzes/1
2025-02-07 19:47:43,227 - Request: OPTIONS http://localhost:8000/api/v1/quizzes/1
2025-02-07 19:47:43,238 - Request: OPTIONS http://localhost:8000/api/v1/quizzes/1
2025-02-07 19:47:43,248 - Request: OPTIONS http://localhost:8000/api/v1/quizzes/1
2025-02-07 19:47:43,249 - Request: OPTIONS http://localhost:8000/api/v1/quizzes/1
2025-02-07 19:47:43,267 - Request: OPTIONS http://localhost:8000/api/v1/quizzes/1
2025-02-07 19:47:43,277 - Request: OPTIONS http://localhost:8000/api/v1/quizzes/1
2025-02-07 19:47:43,296 - Request: OPTIONS http://localhost:8000/api/v1/quizzes/1
2025-02-07 19:47:43,297 - Request: OPTIONS http://localhost:8000/api/v1/quizzes/1
2025-02-07 19:47:43,298 - Request: OPTIONS http://localhost:8000/api/v1/quizzes/1
2025-02-07 19:47:43,326 - Request: OPTIONS http://localhost:8000/api/v1/quizzes/1
2025-02-07 19:47:43,327 - Request: OPTIONS http://localhost:8000/api/v1/quizzes/1
2025-02-07 19:47:43,348 - Request: OPTIONS http://localhost:8000/api/v1/quizzes/1
2025-02-07 19:47:43,349 - Request: OPTIONS http://localhost:8000/api/v1/quizzes/1
2025-02-07 19:47:43,351 - Request: OPTIONS http://localhost:8000/api/v1/quizzes/1
2025-02-07 19:47:43,376 - Request: OPTIONS http://localhost:8000/api/v1/quizzes/2
2025-02-07 19:47:43,378 - Request: OPTIONS http://localhost:8000/api/v1/quizzes/1
2025-02-07 19:47:43,406 - Request: GET http://localhost:8000/api/v1/quizzes/1
2025-02-07 19:47:43,407 - Request: OPTIONS http://localhost:8000/api/v1/quizzes/1
2025-02-07 19:47:43,409 - Request: GET http://localhost:8000/api/v1/quizzes/3
2025-02-07 19:47:43,436 - Request: GET http://localhost:8000/api/v1/quizzes/2
2025-02-07 19:47:43,437 - Request: OPTIONS http://localhost:8000/api/v1/quizzes/2
2025-02-07 19:47:44,474 - Request: GET http://localhost:8000/api/v1/quizzes/3
2025-02-07 19:47:47,888 - Request: GET http://localhost:8000/api/v1/quizzes/1
2025-02-07 19:47:47,889 - Request: GET http://localhost:8000/api/v1/quizzes/2
2025-02-07 19:47:47,891 - Request: GET http://localhost:8000/api/v1/quizzes/4
2025-02-07 19:47:48,070 - Request: GET http://localhost:8000/api/v1/quizzes/1
2025-02-07 19:47:48,120 - Request: GET http://localhost:8000/api/v1/quizzes/4
2025-02-07 19:47:48,222 - Request: GET http://localhost:8000/api/v1/quizzes/1
2025-02-07 19:47:48,297 - Request: GET http://localhost:8000/api/v1/quizzes/4
2025-02-07 19:47:49,020 - Request: GET http://localhost:8000/api/v1/quizzes/1
2025-02-07 19:47:49,827 - Request: GET http://localhost:8000/api/v1/quizzes/4
2025-02-07 19:47:50,342 - Request: GET http://localhost:8000/api/v1/quizzes/1
2025-02-07 19:47:51,159 - Request: GET http://localhost:8000/api/v1/quizzes/4
2025-02-07 19:47:51,708 - Request: GET http://localhost:8000/api/v1/quizzes/1
2025-02-07 19:47:52,537 - Request: GET http://localhost:8000/api/v1/quizzes/4
2025-02-07 19:47:52,744 - Request: GET http://localhost:8000/api/v1/quizzes/1
2025-02-07 19:47:52,848 - Request: GET http://localhost:8000/api/v1/quizzes/4
2025-02-07 19:47:52,910 - Request: GET http://localhost:8000/api/v1/quizzes/1
2025-02-07 19:47:53,064 - Request: GET http://localhost:8000/api/v1/quizzes/4
2025-02-07 19:47:53,075 - Request: GET http://localhost:8000/api/v1/quizzes/1
2025-02-07 19:47:53,888 - Request: GET http://localhost:8000/api/v1/quizzes/4
2025-02-07 19:47:53,889 - Request: GET http://localhost:8000/api/v1/quizzes/1
2025-02-07 19:47:55,313 - Request: GET http://localhost:8000/api/v1/quizzes/1
2025-02-07 19:47:55,315 - Request: GET http://localhost:8000/api/v1/quizzes/4
2025-02-07 19:47:56,785 - Request: GET http://localhost:8000/api/v1/quizzes/1
2025-02-07 19:47:57,098 - Request: GET http://localhost:8000/api/v1/quizzes/4
2025-02-07 19:47:57,488 - Request: GET http://localhost:8000/api/v1/quizzes/1
2025-02-07 19:47:57,568 - Request: GET http://localhost:8000/api/v1/quizzes/4
2025-02-07 19:47:57,653 - Request: GET http://localhost:8000/api/v1/quizzes/1
2025-02-07 19:47:57,734 - Request: GET http://localhost:8000/api/v1/quizzes/4
2025-02-07 19:47:57,810 - Request: GET http://localhost:8000/api/v1/quizzes/1
2025-02-07 19:47:57,956 - Request: GET http://localhost:8000/api/v1/quizzes/4
2025-02-07 19:47:57,980 - Request: GET http://localhost:8000/api/v1/quizzes/1
2025-02-07 19:47:58,127 - Request: GET http://localhost:8000/api/v1/quizzes/4
2025-02-07 19:47:58,141 - Request: GET http://localhost:8000/api/v1/quizzes/1
2025-02-07 19:47:58,304 - Request: GET http://localhost:8000/api/v1/quizzes/1
2025-02-07 19:47:58,347 - Request: GET http://localhost:8000/api/v1/quizzes/4
2025-02-07 19:47:58,469 - Request: GET http://localhost:8000/api/v1/quizzes/1
2025-02-07 19:47:58,506 - Request: GET http://localhost:8000/api/v1/quizzes/4
2025-02-07 19:47:58,636 - Request: GET http://localhost:8000/api/v1/quizzes/1
2025-02-07 19:47:58,732 - Request: GET http://localhost:8000/api/v1/quizzes/4
2025-02-07 19:47:58,810 - Request: GET http://localhost:8000/api/v1/quizzes/1
2025-02-07 19:47:58,893 - Request: GET http://localhost:8000/api/v1/quizzes/4
2025-02-07 19:47:58,974 - Request: GET http://localhost:8000/api/v1/quizzes/1
2025-02-07 19:47:59,436 - Request: GET http://localhost:8000/api/v1/quizzes/4
2025-02-07 19:47:59,728 - Request: GET http://localhost:8000/api/v1/quizzes/1
2025-02-07 19:48:00,810 - Request: GET http://localhost:8000/api/v1/quizzes/4
2025-02-07 19:48:01,064 - Request: GET http://localhost:8000/api/v1/quizzes/1
2025-02-07 19:48:02,489 - Request: GET http://localhost:8000/api/v1/quizzes/1
2025-02-07 19:48:02,491 - Request: GET http://localhost:8000/api/v1/quizzes/4
2025-02-07 19:48:03,182 - Request: GET http://localhost:8000/api/v1/quizzes/4
2025-02-07 19:48:03,203 - Request: GET http://localhost:8000/api/v1/quizzes/1
2025-02-07 19:48:03,204 - Request: GET http://localhost:8000/api/v1/quizzes/1
2025-02-07 19:48:03,209 - Request: GET http://localhost:8000/api/v1/quizzes/1
2025-02-07 19:48:03,452 - Request: GET http://localhost:8000/api/v1/quizzes/1
2025-02-07 19:48:03,496 - Request: GET http://localhost:8000/api/v1/quizzes/1
2025-02-07 19:48:03,516 - Request: GET http://localhost:8000/api/v1/quizzes/1
2025-02-07 19:48:03,567 - Request: GET http://localhost:8000/api/v1/quizzes/1
2025-02-07 19:48:03,668 - Request: GET http://localhost:8000/api/v1/quizzes/1
2025-02-07 19:48:03,728 - Request: GET http://localhost:8000/api/v1/quizzes/1
2025-02-07 19:48:03,737 - Request: GET http://localhost:8000/api/v1/quizzes/1
2025-02-07 19:48:03,857 - Request: GET http://localhost:8000/api/v1/quizzes/1
2025-02-07 19:48:03,898 - Request: GET http://localhost:8000/api/v1/quizzes/1
2025-02-07 19:48:04,034 - Request: GET http://localhost:8000/api/v1/quizzes/1
2025-02-07 19:48:04,038 - Request: GET http://localhost:8000/api/v1/quizzes/1
2025-02-07 19:48:05,167 - Request: GET http://localhost:8000/api/v1/quizzes/1
2025-02-07 19:48:05,446 - Request: GET http://localhost:8000/api/v1/quizzes/1
2025-02-07 19:48:05,748 - Request: GET http://localhost:8000/api/v1/quizzes/1
2025-02-07 19:48:05,750 - Request: GET http://localhost:8000/api/v1/quizzes/1
2025-02-07 19:48:06,766 - Request: GET http://localhost:8000/api/v1/quizzes/1
2025-02-07 19:48:07,015 - Request: GET http://localhost:8000/api/v1/quizzes/1
2025-02-07 19:48:07,286 - Request: GET http://localhost:8000/api/v1/quizzes/1
2025-02-07 19:48:07,287 - Request: GET http://localhost:8000/api/v1/quizzes/1
2025-02-07 19:48:07,833 - Request: GET http://localhost:8000/api/v1/quizzes/1
2025-02-07 19:48:07,834 - Request: GET http://localhost:8000/api/v1/quizzes/1
2025-02-07 19:48:08,255 - Request: GET http://localhost:8000/api/v1/quizzes/1
2025-02-07 19:48:08,286 - Request: GET http://localhost:8000/api/v1/quizzes/1
2025-02-07 19:48:08,327 - Request: GET http://localhost:8000/api/v1/quizzes/1
2025-02-07 19:48:08,329 - Request: GET http://localhost:8000/api/v1/quizzes/1
2025-02-07 19:48:08,396 - Request: GET http://localhost:8000/api/v1/quizzes/1
2025-02-07 19:48:08,426 - Request: GET http://localhost:8000/api/v1/quizzes/1
2025-02-07 19:52:24,639 - Request: OPTIONS http://localhost:8000/api/v1/quiz-attempts/my-attempts
2025-02-07 19:52:24,642 - Request: OPTIONS http://localhost:8000/api/v1/quiz-attempts/my-attempts
2025-02-07 19:52:24,655 - Request: GET http://localhost:8000/api/v1/quiz-attempts/my-attempts
2025-02-07 19:52:27,051 - Request: GET http://localhost:8000/api/v1/quiz-attempts/my-attempts
2025-02-07 19:52:27,054 - Request: GET http://localhost:8000/api/v1/quizzes/4
2025-02-07 19:52:27,061 - Request: GET http://localhost:8000/api/v1/quizzes/3
2025-02-07 19:52:27,072 - Request: GET http://localhost:8000/api/v1/quizzes/1
2025-02-07 19:52:27,082 - Request: GET http://localhost:8000/api/v1/quizzes/2
2025-02-07 19:52:27,415 - Request: GET http://localhost:8000/api/v1/quizzes/active
2025-02-07 19:52:27,472 - Request: GET http://localhost:8000/api/v1/quizzes/3
2025-02-07 19:52:27,484 - Request: GET http://localhost:8000/api/v1/quizzes/2
2025-02-07 19:52:27,506 - Request: GET http://localhost:8000/api/v1/quizzes/1
2025-02-07 19:52:27,614 - Request: GET http://localhost:8000/api/v1/quizzes/4
2025-02-07 19:52:27,661 - Request: GET http://localhost:8000/api/v1/quizzes/active
2025-02-07 19:52:27,708 - Request: GET http://localhost:8000/api/v1/quizzes/1
2025-02-07 19:52:27,857 - Request: GET http://localhost:8000/api/v1/quizzes/4
2025-02-07 19:52:27,930 - Request: GET http://localhost:8000/api/v1/quizzes/1
2025-02-07 19:52:28,034 - Request: GET http://localhost:8000/api/v1/quizzes/4
2025-02-07 19:52:28,116 - Request: GET http://localhost:8000/api/v1/quizzes/1
2025-02-07 19:52:28,254 - Request: GET http://localhost:8000/api/v1/quizzes/4
2025-02-07 19:52:28,350 - Request: GET http://localhost:8000/api/v1/quizzes/1
2025-02-07 19:52:28,696 - Request: GET http://localhost:8000/api/v1/quizzes/4
2025-02-07 19:52:28,794 - Request: GET http://localhost:8000/api/v1/quizzes/1
2025-02-07 19:52:28,896 - Request: GET http://localhost:8000/api/v1/quizzes/4
2025-02-07 19:52:29,025 - Request: GET http://localhost:8000/api/v1/quizzes/1
2025-02-07 19:52:29,135 - Request: GET http://localhost:8000/api/v1/quizzes/4
2025-02-07 19:52:29,209 - Request: GET http://localhost:8000/api/v1/quizzes/1
2025-02-07 19:52:29,320 - Request: GET http://localhost:8000/api/v1/quizzes/4
2025-02-07 19:52:29,410 - Request: GET http://localhost:8000/api/v1/quizzes/1
2025-02-07 19:52:29,549 - Request: GET http://localhost:8000/api/v1/quizzes/4
2025-02-07 19:52:29,652 - Request: GET http://localhost:8000/api/v1/quizzes/1
2025-02-07 19:52:29,736 - Request: GET http://localhost:8000/api/v1/quizzes/4
2025-02-07 19:52:29,833 - Request: GET http://localhost:8000/api/v1/quizzes/1
2025-02-07 19:52:29,935 - Request: GET http://localhost:8000/api/v1/quizzes/4
2025-02-07 19:52:30,055 - Request: GET http://localhost:8000/api/v1/quizzes/1
2025-02-07 19:52:30,165 - Request: GET http://localhost:8000/api/v1/quizzes/4
2025-02-07 19:52:30,235 - Request: GET http://localhost:8000/api/v1/quizzes/1
2025-02-07 19:52:30,323 - Request: OPTIONS http://localhost:8000/api/v1/users/me
2025-02-07 19:52:30,324 - Request: OPTIONS http://localhost:8000/api/v1/users/me
2025-02-07 19:52:30,332 - Request: GET http://localhost:8000/api/v1/users/me
2025-02-07 19:52:30,346 - Request: GET http://localhost:8000/api/v1/quizzes/4
2025-02-07 19:52:30,431 - Request: GET http://localhost:8000/api/v1/quizzes/1
2025-02-07 19:52:30,556 - Request: GET http://localhost:8000/api/v1/users/me
2025-02-07 19:52:30,599 - Request: GET http://localhost:8000/api/v1/quizzes/4
2025-02-07 19:52:30,617 - Request: GET http://localhost:8000/api/v1/quizzes/1
2025-02-07 19:52:31,036 - Request: GET http://localhost:8000/api/v1/quizzes/4
2025-02-07 19:52:31,119 - Request: GET http://localhost:8000/api/v1/quizzes/1
2025-02-07 19:52:31,260 - Request: GET http://localhost:8000/api/v1/quizzes/4
2025-02-07 19:52:31,286 - Request: GET http://localhost:8000/api/v1/quizzes/1
2025-02-07 19:52:31,430 - Request: GET http://localhost:8000/api/v1/quizzes/4
2025-02-07 19:52:31,469 - Request: GET http://localhost:8000/api/v1/quizzes/1
2025-02-07 19:52:31,655 - Request: GET http://localhost:8000/api/v1/quizzes/4
2025-02-07 19:52:31,710 - Request: GET http://localhost:8000/api/v1/quizzes/1
2025-02-07 19:52:31,839 - Request: GET http://localhost:8000/api/v1/quizzes/4
2025-02-07 19:52:31,891 - Request: GET http://localhost:8000/api/v1/quizzes/1
2025-02-07 19:52:32,024 - Request: GET http://localhost:8000/api/v1/quizzes/4
2025-02-07 19:52:32,112 - Request: GET http://localhost:8000/api/v1/quizzes/1
2025-02-07 19:52:32,252 - Request: GET http://localhost:8000/api/v1/quizzes/4
2025-02-07 19:52:32,287 - Request: GET http://localhost:8000/api/v1/quizzes/1
2025-02-07 19:52:32,430 - Request: GET http://localhost:8000/api/v1/quizzes/4
2025-02-07 19:52:32,474 - Request: GET http://localhost:8000/api/v1/quizzes/1
2025-02-07 19:52:32,651 - Request: GET http://localhost:8000/api/v1/quizzes/4
2025-02-07 19:52:32,707 - Request: GET http://localhost:8000/api/v1/quizzes/1
2025-02-07 19:52:33,130 - Request: GET http://localhost:8000/api/v1/quizzes/1
2025-02-07 19:52:33,316 - Request: GET http://localhost:8000/api/v1/quizzes/1
2025-02-07 19:52:33,531 - Request: GET http://localhost:8000/api/v1/quizzes/1
2025-02-07 19:52:33,756 - Request: GET http://localhost:8000/api/v1/quizzes/1
2025-02-07 19:52:33,931 - Request: GET http://localhost:8000/api/v1/quizzes/1
2025-02-07 19:52:34,097 - Request: GET http://localhost:8000/api/v1/quizzes/1
2025-02-07 19:52:34,285 - Request: GET http://localhost:8000/api/v1/quizzes/1
2025-02-07 19:52:34,503 - Request: GET http://localhost:8000/api/v1/quizzes/1
2025-02-07 19:52:34,730 - Request: GET http://localhost:8000/api/v1/quizzes/1
2025-02-07 19:52:34,907 - Request: GET http://localhost:8000/api/v1/quizzes/1
2025-02-07 19:52:35,078 - Request: GET http://localhost:8000/api/v1/quizzes/1
2025-02-07 19:52:35,516 - Request: GET http://localhost:8000/api/v1/quizzes/1
2025-02-07 19:52:35,736 - Request: GET http://localhost:8000/api/v1/quizzes/1
2025-02-07 19:52:35,970 - Request: GET http://localhost:8000/api/v1/quizzes/1
2025-02-07 19:52:36,151 - Request: GET http://localhost:8000/api/v1/quizzes/1
2025-02-07 19:52:36,317 - Request: GET http://localhost:8000/api/v1/quizzes/1
2025-02-07 19:52:36,505 - Request: GET http://localhost:8000/api/v1/quizzes/1
2025-02-07 19:52:36,723 - Request: GET http://localhost:8000/api/v1/quizzes/1
2025-02-07 19:52:36,953 - Request: GET http://localhost:8000/api/v1/quizzes/1
2025-02-07 19:52:37,122 - Request: GET http://localhost:8000/api/v1/quizzes/1
2025-02-07 19:52:37,310 - Request: GET http://localhost:8000/api/v1/quizzes/1
2025-02-07 19:52:37,756 - Request: GET http://localhost:8000/api/v1/quizzes/1
2025-02-07 19:52:37,976 - Request: GET http://localhost:8000/api/v1/quizzes/1
2025-02-07 19:52:38,205 - Request: GET http://localhost:8000/api/v1/quizzes/1
2025-02-07 19:52:38,371 - Request: GET http://localhost:8000/api/v1/quizzes/1
2025-02-07 19:52:38,537 - Request: GET http://localhost:8000/api/v1/quizzes/1
2025-02-07 19:52:38,721 - Request: GET http://localhost:8000/api/v1/quizzes/1
2025-02-07 19:52:38,937 - Request: GET http://localhost:8000/api/v1/quizzes/1
2025-02-07 19:52:39,162 - Request: GET http://localhost:8000/api/v1/quizzes/1
2025-02-07 19:52:39,338 - Request: GET http://localhost:8000/api/v1/quizzes/1
2025-02-07 19:52:39,506 - Request: GET http://localhost:8000/api/v1/quizzes/1
2025-02-07 19:56:05,398 - Request: OPTIONS http://localhost:8000/api/v1/auth/login
2025-02-07 19:56:05,408 - Request: POST http://localhost:8000/api/v1/auth/login
2025-02-07 19:56:07,896 - Request: GET http://localhost:8000/api/v1/quizzes/active
2025-02-07 19:56:08,074 - Request: GET http://localhost:8000/api/v1/quizzes/active
2025-02-07 19:56:25,669 - Request: OPTIONS http://localhost:8000/api/v1/admin/student-reports
2025-02-07 19:56:25,671 - Request: OPTIONS http://localhost:8000/api/v1/admin/student-reports
2025-02-07 19:56:25,676 - Request: GET http://localhost:8000/api/v1/admin/student-reports
2025-02-07 19:56:25,814 - Request: GET http://localhost:8000/api/v1/admin/student-reports
2025-02-07 19:56:38,551 - Request: OPTIONS http://localhost:8000/api/v1/quizzes/
2025-02-07 19:56:38,554 - Request: OPTIONS http://localhost:8000/api/v1/quizzes/
2025-02-07 19:56:38,560 - Request: GET http://localhost:8000/api/v1/quizzes/
2025-02-07 19:56:38,741 - Request: GET http://localhost:8000/api/v1/quizzes/
2025-02-07 19:56:40,406 - Request: GET http://localhost:8000/api/v1/admin/student-reports
2025-02-07 19:56:41,748 - Request: GET http://localhost:8000/api/v1/admin/student-reports
2025-02-07 20:04:25,908 - Request: GET http://localhost:8000/api/v1/quizzes/
2025-02-07 20:04:26,223 - Request: GET http://localhost:8000/api/v1/quizzes/
2025-02-07 20:04:27,155 - Request: GET http://localhost:8000/api/v1/admin/student-reports
2025-02-07 20:04:27,346 - Request: GET http://localhost:8000/api/v1/admin/student-reports
2025-02-07 20:20:59,051 - Request: OPTIONS http://localhost:8000/api/v1/users/me
2025-02-07 20:20:59,123 - Request: OPTIONS http://localhost:8000/api/v1/users/me
2025-02-07 20:20:59,248 - Request: GET http://localhost:8000/api/v1/users/me
2025-02-07 20:21:00,036 - Request: GET http://localhost:8000/api/v1/users/me
2025-02-07 20:21:36,124 - Request: OPTIONS http://localhost:8000/api/v1/auth/register
2025-02-07 20:21:36,140 - Request: POST http://localhost:8000/api/v1/auth/register
2025-02-07 20:21:50,773 - Request: OPTIONS http://localhost:8000/api/v1/auth/login
2025-02-07 20:21:50,784 - Request: POST http://localhost:8000/api/v1/auth/login
2025-02-07 20:21:52,270 - Request: OPTIONS http://localhost:8000/api/v1/quizzes/active
2025-02-07 20:21:52,273 - Request: OPTIONS http://localhost:8000/api/v1/quizzes/active
2025-02-07 20:21:52,291 - Request: GET http://localhost:8000/api/v1/quizzes/active
2025-02-07 20:21:52,536 - Request: GET http://localhost:8000/api/v1/quizzes/active
2025-02-07 20:21:56,138 - Request: GET http://localhost:8000/api/v1/quizzes/active
2025-02-07 20:21:56,377 - Request: GET http://localhost:8000/api/v1/quizzes/active
2025-02-07 20:22:03,971 - Request: OPTIONS http://localhost:8000/api/v1/quiz-attempts/
2025-02-07 20:22:03,988 - Request: POST http://localhost:8000/api/v1/quiz-attempts/
2025-02-07 20:22:04,656 - Request: OPTIONS http://localhost:8000/api/v1/quizzes/4
2025-02-07 20:22:04,671 - Request: OPTIONS http://localhost:8000/api/v1/quizzes/4
2025-02-07 20:22:04,726 - Request: GET http://localhost:8000/api/v1/quizzes/4
2025-02-07 20:22:05,050 - Request: GET http://localhost:8000/api/v1/quizzes/4
2025-02-07 20:22:18,098 - Request: OPTIONS http://localhost:8000/api/v1/quiz-attempts/43/submit
2025-02-07 20:22:18,111 - Request: POST http://localhost:8000/api/v1/quiz-attempts/43/submit
2025-02-07 20:22:23,986 - Request: GET http://localhost:8000/api/v1/quizzes/active
2025-02-07 20:22:24,179 - Request: GET http://localhost:8000/api/v1/quizzes/active
2025-02-07 20:22:28,561 - Request: OPTIONS http://localhost:8000/api/v1/quiz-attempts/my-attempts
2025-02-07 20:22:28,564 - Request: OPTIONS http://localhost:8000/api/v1/quiz-attempts/my-attempts
2025-02-07 20:22:28,581 - Request: GET http://localhost:8000/api/v1/quiz-attempts/my-attempts
2025-02-07 20:22:28,832 - Request: GET http://localhost:8000/api/v1/quiz-attempts/my-attempts
2025-02-07 20:22:28,878 - Request: GET http://localhost:8000/api/v1/quizzes/4
2025-02-07 20:22:30,988 - Request: GET http://localhost:8000/api/v1/quizzes/4
2025-02-07 20:22:37,612 - Request: OPTIONS http://localhost:8000/api/v1/admin/student-reports
2025-02-07 20:22:37,621 - Request: OPTIONS http://localhost:8000/api/v1/admin/student-reports
2025-02-07 20:22:37,639 - Request: GET http://localhost:8000/api/v1/admin/student-reports
2025-02-07 20:22:37,840 - Request: GET http://localhost:8000/api/v1/admin/student-reports
2025-02-07 20:22:41,481 - Request: GET http://localhost:8000/api/v1/users/me
2025-02-07 20:22:41,651 - Request: GET http://localhost:8000/api/v1/users/me
2025-02-07 20:22:58,844 - Request: POST http://localhost:8000/api/v1/auth/login
2025-02-07 20:22:59,854 - Request: GET http://localhost:8000/api/v1/quizzes/active
2025-02-07 20:23:00,048 - Request: GET http://localhost:8000/api/v1/quizzes/active
2025-02-07 20:23:05,472 - Request: GET http://localhost:8000/api/v1/admin/student-reports
2025-02-07 20:23:05,820 - Request: GET http://localhost:8000/api/v1/admin/student-reports
2025-02-07 20:23:52,328 - Request: OPTIONS http://localhost:8000/api/v1/quizzes/
2025-02-07 20:23:52,348 - Request: OPTIONS http://localhost:8000/api/v1/quizzes/
2025-02-07 20:23:52,409 - Request: GET http://localhost:8000/api/v1/quizzes/
2025-02-07 20:23:52,851 - Request: GET http://localhost:8000/api/v1/quizzes/
2025-02-07 20:40:54,227 - Request: OPTIONS http://localhost:8000/api/v1/users/me
2025-02-07 20:40:54,255 - Request: OPTIONS http://localhost:8000/api/v1/users/me
2025-02-07 20:40:54,302 - Request: GET http://localhost:8000/api/v1/users/me
2025-02-07 20:40:54,861 - Request: GET http://localhost:8000/api/v1/users/me
2025-02-07 20:42:08,231 - Request: OPTIONS http://localhost:8000/api/v1/auth/register
2025-02-07 20:42:08,263 - Request: POST http://localhost:8000/api/v1/auth/register
2025-02-07 20:42:18,875 - Request: OPTIONS http://localhost:8000/api/v1/auth/login
2025-02-07 20:42:18,891 - Request: POST http://localhost:8000/api/v1/auth/login
2025-02-07 20:42:20,556 - Request: OPTIONS http://localhost:8000/api/v1/quizzes/active
2025-02-07 20:42:20,560 - Request: OPTIONS http://localhost:8000/api/v1/quizzes/active
2025-02-07 20:42:20,619 - Request: GET http://localhost:8000/api/v1/quizzes/active
2025-02-07 20:42:20,893 - Request: GET http://localhost:8000/api/v1/quizzes/active
2025-02-07 20:42:28,478 - Request: GET http://localhost:8000/api/v1/quizzes/active
2025-02-07 20:42:28,750 - Request: GET http://localhost:8000/api/v1/quizzes/active
2025-02-07 20:42:33,196 - Request: GET http://localhost:8000/api/v1/quizzes/active
2025-02-07 20:42:33,419 - Request: GET http://localhost:8000/api/v1/quizzes/active
2025-02-07 20:42:34,786 - Request: GET http://localhost:8000/api/v1/quizzes/active
2025-02-07 20:42:35,119 - Request: GET http://localhost:8000/api/v1/quizzes/active
2025-02-07 20:43:12,763 - Request: OPTIONS http://localhost:8000/api/v1/quiz-attempts/
2025-02-07 20:43:12,773 - Request: POST http://localhost:8000/api/v1/quiz-attempts/
2025-02-07 20:43:13,237 - Request: OPTIONS http://localhost:8000/api/v1/quizzes/4
2025-02-07 20:43:13,238 - Request: OPTIONS http://localhost:8000/api/v1/quizzes/4
2025-02-07 20:43:13,250 - Request: GET http://localhost:8000/api/v1/quizzes/4
2025-02-07 20:43:13,468 - Request: GET http://localhost:8000/api/v1/quizzes/4
2025-02-07 20:44:07,714 - Request: OPTIONS http://localhost:8000/api/v1/quiz-attempts/44/submit
2025-02-07 20:44:07,735 - Request: POST http://localhost:8000/api/v1/quiz-attempts/44/submit
2025-02-07 20:44:38,063 - Request: GET http://localhost:8000/api/v1/quizzes/active
2025-02-07 20:44:38,317 - Request: GET http://localhost:8000/api/v1/quizzes/active
2025-02-07 20:44:46,543 - Request: OPTIONS http://localhost:8000/api/v1/admin/student-reports
2025-02-07 20:44:46,544 - Request: OPTIONS http://localhost:8000/api/v1/admin/student-reports
2025-02-07 20:44:46,559 - Request: GET http://localhost:8000/api/v1/admin/student-reports
2025-02-07 20:44:46,768 - Request: GET http://localhost:8000/api/v1/admin/student-reports
2025-02-07 20:44:58,834 - Request: OPTIONS http://localhost:8000/api/v1/quiz-attempts/my-attempts
2025-02-07 20:44:58,844 - Request: OPTIONS http://localhost:8000/api/v1/quiz-attempts/my-attempts
2025-02-07 20:44:58,881 - Request: GET http://localhost:8000/api/v1/quiz-attempts/my-attempts
2025-02-07 20:44:59,367 - Request: GET http://localhost:8000/api/v1/quiz-attempts/my-attempts
2025-02-07 20:44:59,416 - Request: GET http://localhost:8000/api/v1/quizzes/4
2025-02-07 20:44:59,800 - Request: GET http://localhost:8000/api/v1/quizzes/4
2025-02-07 20:45:27,961 - Request: GET http://localhost:8000/api/v1/users/me
2025-02-07 20:45:28,196 - Request: GET http://localhost:8000/api/v1/users/me
2025-02-07 20:45:42,607 - Request: POST http://localhost:8000/api/v1/auth/login
2025-02-07 20:45:43,579 - Request: GET http://localhost:8000/api/v1/quizzes/active
2025-02-07 20:45:43,805 - Request: GET http://localhost:8000/api/v1/quizzes/active
2025-02-07 20:45:51,426 - Request: GET http://localhost:8000/api/v1/admin/student-reports
2025-02-07 20:45:51,864 - Request: GET http://localhost:8000/api/v1/admin/student-reports
2025-02-07 20:46:18,833 - Request: OPTIONS http://localhost:8000/api/v1/quizzes/
2025-02-07 20:46:18,837 - Request: OPTIONS http://localhost:8000/api/v1/quizzes/
2025-02-07 20:46:18,868 - Request: GET http://localhost:8000/api/v1/quizzes/
2025-02-07 20:46:19,139 - Request: GET http://localhost:8000/api/v1/quizzes/
2025-02-07 20:48:35,442 - Request: OPTIONS http://localhost:8000/api/v1/quizzes
2025-02-07 20:48:35,451 - Request: POST http://localhost:8000/api/v1/quizzes
2025-02-07 20:48:35,464 - Request: OPTIONS http://localhost:8000/api/v1/quizzes/
2025-02-07 20:48:35,471 - Request: POST http://localhost:8000/api/v1/quizzes/
2025-02-07 20:48:35,940 - Request: POST http://localhost:8000/api/v1/quizzes/
2025-02-07 20:48:36,270 - Request: GET http://localhost:8000/api/v1/quizzes/
2025-02-07 20:48:47,670 - Request: GET http://localhost:8000/api/v1/users/me
2025-02-07 20:48:47,857 - Request: GET http://localhost:8000/api/v1/users/me
2025-02-07 20:49:01,540 - Request: POST http://localhost:8000/api/v1/auth/login
2025-02-07 20:49:02,733 - Request: GET http://localhost:8000/api/v1/quizzes/active
2025-02-07 20:49:03,007 - Request: GET http://localhost:8000/api/v1/quizzes/active
2025-02-07 20:49:05,398 - Request: GET http://localhost:8000/api/v1/quizzes/active
2025-02-07 20:49:05,600 - Request: GET http://localhost:8000/api/v1/quizzes/active
2025-02-07 20:49:19,294 - Request: POST http://localhost:8000/api/v1/quiz-attempts/
2025-02-07 20:49:19,759 - Request: OPTIONS http://localhost:8000/api/v1/quizzes/6
2025-02-07 20:49:19,775 - Request: OPTIONS http://localhost:8000/api/v1/quizzes/6
2025-02-07 20:49:19,788 - Request: GET http://localhost:8000/api/v1/quizzes/6
2025-02-07 20:49:20,013 - Request: GET http://localhost:8000/api/v1/quizzes/6
2025-02-07 20:49:34,002 - Request: OPTIONS http://localhost:8000/api/v1/quiz-attempts/45/submit
2025-02-07 20:49:34,038 - Request: POST http://localhost:8000/api/v1/quiz-attempts/45/submit
2025-02-07 20:49:43,415 - Request: GET http://localhost:8000/api/v1/quizzes/active
2025-02-07 20:49:43,664 - Request: GET http://localhost:8000/api/v1/quizzes/active
2025-02-07 20:50:24,844 - Request: GET http://localhost:8000/api/v1/quiz-attempts/my-attempts
2025-02-07 20:50:25,088 - Request: GET http://localhost:8000/api/v1/quizzes/6
2025-02-07 20:50:25,099 - Request: GET http://localhost:8000/api/v1/quiz-attempts/my-attempts
2025-02-07 20:50:25,123 - Request: GET http://localhost:8000/api/v1/quizzes/4
2025-02-07 20:50:26,209 - Request: GET http://localhost:8000/api/v1/quizzes/6
2025-02-07 20:50:26,213 - Request: GET http://localhost:8000/api/v1/quizzes/4
2025-02-07 20:50:29,923 - Request: GET http://localhost:8000/api/v1/quizzes/active
2025-02-07 20:50:30,202 - Request: GET http://localhost:8000/api/v1/quizzes/active
2025-02-07 20:55:22,223 - Request: OPTIONS http://localhost:8000/api/v1/users/me
2025-02-07 20:55:22,228 - Request: OPTIONS http://localhost:8000/api/v1/users/me
2025-02-07 20:55:22,289 - Request: GET http://localhost:8000/api/v1/users/me
2025-02-07 20:55:22,543 - Request: GET http://localhost:8000/api/v1/users/me
2025-02-07 20:55:24,567 - Request: OPTIONS http://localhost:8000/api/v1/quizzes/active
2025-02-07 20:55:24,572 - Request: OPTIONS http://localhost:8000/api/v1/quizzes/active
2025-02-07 20:55:24,589 - Request: GET http://localhost:8000/api/v1/quizzes/active
2025-02-07 20:55:24,856 - Request: GET http://localhost:8000/api/v1/quizzes/active
2025-02-07 20:55:53,081 - Request: GET http://localhost:8000/api/v1/users/me
2025-02-07 20:55:53,243 - Request: GET http://localhost:8000/api/v1/users/me
2025-02-07 21:10:40,077 - Request: OPTIONS http://localhost:8000/api/v1/auth/login
2025-02-07 21:10:40,092 - Request: POST http://localhost:8000/api/v1/auth/login
2025-02-07 21:10:42,162 - Request: OPTIONS http://localhost:8000/api/v1/quizzes/active
2025-02-07 21:10:42,164 - Request: OPTIONS http://localhost:8000/api/v1/quizzes/active
2025-02-07 21:10:42,175 - Request: GET http://localhost:8000/api/v1/quizzes/active
2025-02-07 21:10:42,429 - Request: GET http://localhost:8000/api/v1/quizzes/active
2025-02-07 21:10:47,498 - Request: OPTIONS http://localhost:8000/api/v1/admin/student-reports
2025-02-07 21:10:47,504 - Request: OPTIONS http://localhost:8000/api/v1/admin/student-reports
2025-02-07 21:10:47,507 - Request: GET http://localhost:8000/api/v1/admin/student-reports
2025-02-07 21:10:48,001 - Request: GET http://localhost:8000/api/v1/admin/student-reports
2025-02-07 21:11:10,094 - Request: OPTIONS http://localhost:8000/api/v1/quiz-attempts/my-attempts
2025-02-07 21:11:10,097 - Request: OPTIONS http://localhost:8000/api/v1/quiz-attempts/my-attempts
2025-02-07 21:11:10,110 - Request: GET http://localhost:8000/api/v1/quiz-attempts/my-attempts
2025-02-07 21:11:10,379 - Request: GET http://localhost:8000/api/v1/quiz-attempts/my-attempts
2025-02-07 21:11:10,382 - Request: OPTIONS http://localhost:8000/api/v1/quizzes/4
2025-02-07 21:11:10,393 - Request: OPTIONS http://localhost:8000/api/v1/quizzes/4
2025-02-07 21:11:10,397 - Request: OPTIONS http://localhost:8000/api/v1/quizzes/4
2025-02-07 21:11:10,403 - Request: OPTIONS http://localhost:8000/api/v1/quizzes/3
2025-02-07 21:11:10,405 - Request: OPTIONS http://localhost:8000/api/v1/quizzes/4
2025-02-07 21:11:10,413 - Request: OPTIONS http://localhost:8000/api/v1/quizzes/4
2025-02-07 21:11:10,414 - Request: OPTIONS http://localhost:8000/api/v1/quizzes/4
2025-02-07 21:11:10,423 - Request: OPTIONS http://localhost:8000/api/v1/quizzes/4
2025-02-07 21:11:10,428 - Request: OPTIONS http://localhost:8000/api/v1/quizzes/4
2025-02-07 21:11:10,448 - Request: OPTIONS http://localhost:8000/api/v1/quizzes/4
2025-02-07 21:11:10,469 - Request: OPTIONS http://localhost:8000/api/v1/quizzes/4
2025-02-07 21:11:10,470 - Request: OPTIONS http://localhost:8000/api/v1/quizzes/4
2025-02-07 21:11:10,491 - Request: OPTIONS http://localhost:8000/api/v1/quizzes/1
2025-02-07 21:11:10,493 - Request: OPTIONS http://localhost:8000/api/v1/quizzes/1
2025-02-07 21:11:10,511 - Request: OPTIONS http://localhost:8000/api/v1/quizzes/1
2025-02-07 21:11:10,532 - Request: OPTIONS http://localhost:8000/api/v1/quizzes/1
2025-02-07 21:11:10,534 - Request: GET http://localhost:8000/api/v1/quizzes/4
2025-02-07 21:11:10,552 - Request: OPTIONS http://localhost:8000/api/v1/quizzes/1
2025-02-07 21:11:10,555 - Request: OPTIONS http://localhost:8000/api/v1/quizzes/1
2025-02-07 21:11:10,569 - Request: OPTIONS http://localhost:8000/api/v1/quizzes/1
2025-02-07 21:11:10,588 - Request: OPTIONS http://localhost:8000/api/v1/quizzes/1
2025-02-07 21:11:10,609 - Request: OPTIONS http://localhost:8000/api/v1/quizzes/1
2025-02-07 21:11:10,612 - Request: OPTIONS http://localhost:8000/api/v1/quizzes/1
2025-02-07 21:11:10,630 - Request: OPTIONS http://localhost:8000/api/v1/quizzes/1
2025-02-07 21:11:10,639 - Request: OPTIONS http://localhost:8000/api/v1/quizzes/1
2025-02-07 21:11:10,652 - Request: OPTIONS http://localhost:8000/api/v1/quizzes/1
2025-02-07 21:11:10,664 - Request: OPTIONS http://localhost:8000/api/v1/quizzes/1
2025-02-07 21:11:10,674 - Request: OPTIONS http://localhost:8000/api/v1/quizzes/1
2025-02-07 21:11:10,686 - Request: OPTIONS http://localhost:8000/api/v1/quizzes/1
2025-02-07 21:11:10,700 - Request: OPTIONS http://localhost:8000/api/v1/quizzes/1
2025-02-07 21:11:10,711 - Request: OPTIONS http://localhost:8000/api/v1/quizzes/1
2025-02-07 21:11:10,719 - Request: OPTIONS http://localhost:8000/api/v1/quizzes/1
2025-02-07 21:11:10,730 - Request: OPTIONS http://localhost:8000/api/v1/quizzes/1
2025-02-07 21:11:10,750 - Request: OPTIONS http://localhost:8000/api/v1/quizzes/1
2025-02-07 21:11:10,751 - Request: OPTIONS http://localhost:8000/api/v1/quizzes/1
2025-02-07 21:11:10,761 - Request: OPTIONS http://localhost:8000/api/v1/quizzes/1
2025-02-07 21:11:10,772 - Request: OPTIONS http://localhost:8000/api/v1/quizzes/1
2025-02-07 21:11:10,782 - Request: OPTIONS http://localhost:8000/api/v1/quizzes/1
2025-02-07 21:11:10,801 - Request: OPTIONS http://localhost:8000/api/v1/quizzes/2
2025-02-07 21:11:10,803 - Request: OPTIONS http://localhost:8000/api/v1/quizzes/1
2025-02-07 21:11:10,815 - Request: OPTIONS http://localhost:8000/api/v1/quizzes/1
2025-02-07 21:11:10,845 - Request: GET http://localhost:8000/api/v1/quizzes/3
2025-02-07 21:11:10,847 - Request: OPTIONS http://localhost:8000/api/v1/quizzes/1
2025-02-07 21:11:10,872 - Request: OPTIONS http://localhost:8000/api/v1/quizzes/2
2025-02-07 21:11:10,874 - Request: GET http://localhost:8000/api/v1/quizzes/1
2025-02-07 21:11:10,877 - Request: GET http://localhost:8000/api/v1/quizzes/2
2025-02-07 21:11:11,367 - Request: GET http://localhost:8000/api/v1/quizzes/3
2025-02-07 21:11:11,370 - Request: GET http://localhost:8000/api/v1/quizzes/4
2025-02-07 21:11:11,532 - Request: GET http://localhost:8000/api/v1/quizzes/2
2025-02-07 21:11:11,549 - Request: GET http://localhost:8000/api/v1/quizzes/4
2025-02-07 21:11:11,576 - Request: GET http://localhost:8000/api/v1/quizzes/1
2025-02-07 21:11:11,717 - Request: GET http://localhost:8000/api/v1/quizzes/4
2025-02-07 21:11:11,765 - Request: GET http://localhost:8000/api/v1/quizzes/1
2025-02-07 21:11:11,926 - Request: GET http://localhost:8000/api/v1/quizzes/1
2025-02-07 21:11:11,958 - Request: GET http://localhost:8000/api/v1/quizzes/4
2025-02-07 21:11:12,096 - Request: GET http://localhost:8000/api/v1/quizzes/1
2025-02-07 21:11:12,148 - Request: GET http://localhost:8000/api/v1/quizzes/4
2025-02-07 21:11:12,258 - Request: GET http://localhost:8000/api/v1/quizzes/1
2025-02-07 21:11:12,386 - Request: GET http://localhost:8000/api/v1/quizzes/4
2025-02-07 21:11:12,430 - Request: GET http://localhost:8000/api/v1/quizzes/1
2025-02-07 21:11:12,571 - Request: GET http://localhost:8000/api/v1/quizzes/4
2025-02-07 21:11:12,591 - Request: GET http://localhost:8000/api/v1/quizzes/1
2025-02-07 21:11:12,775 - Request: GET http://localhost:8000/api/v1/quizzes/1
2025-02-07 21:11:12,819 - Request: GET http://localhost:8000/api/v1/quizzes/4
2025-02-07 21:11:12,978 - Request: GET http://localhost:8000/api/v1/quizzes/1
2025-02-07 21:11:12,996 - Request: GET http://localhost:8000/api/v1/quizzes/4
2025-02-07 21:11:13,384 - Request: GET http://localhost:8000/api/v1/quizzes/active
2025-02-07 21:11:13,458 - Request: GET http://localhost:8000/api/v1/quizzes/1
2025-02-07 21:11:13,552 - Request: GET http://localhost:8000/api/v1/quizzes/4
2025-02-07 21:11:13,591 - Request: GET http://localhost:8000/api/v1/quizzes/active
2025-02-07 21:11:13,650 - Request: GET http://localhost:8000/api/v1/quizzes/1
2025-02-07 21:11:13,734 - Request: GET http://localhost:8000/api/v1/quizzes/4
2025-02-07 21:11:13,862 - Request: GET http://localhost:8000/api/v1/quizzes/1
2025-02-07 21:11:13,940 - Request: GET http://localhost:8000/api/v1/quizzes/4
2025-02-07 21:11:14,030 - Request: GET http://localhost:8000/api/v1/quizzes/1
2025-02-07 21:11:14,174 - Request: GET http://localhost:8000/api/v1/quizzes/4
2025-02-07 21:11:14,216 - Request: GET http://localhost:8000/api/v1/quizzes/1
2025-02-07 21:11:14,336 - Request: GET http://localhost:8000/api/v1/quizzes/4
2025-02-07 21:11:14,383 - Request: GET http://localhost:8000/api/v1/quizzes/1
2025-02-07 21:11:14,569 - Request: GET http://localhost:8000/api/v1/quizzes/1
2025-02-07 21:11:14,577 - Request: GET http://localhost:8000/api/v1/quizzes/4
2025-02-07 21:11:14,737 - Request: GET http://localhost:8000/api/v1/quizzes/1
2025-02-07 21:11:14,748 - Request: GET http://localhost:8000/api/v1/quizzes/4
2025-02-07 21:11:14,922 - Request: GET http://localhost:8000/api/v1/quizzes/1
2025-02-07 21:11:14,984 - Request: GET http://localhost:8000/api/v1/quizzes/4
2025-02-07 21:11:15,091 - Request: GET http://localhost:8000/api/v1/quizzes/1
2025-02-07 21:11:15,163 - Request: GET http://localhost:8000/api/v1/quizzes/4
2025-02-07 21:11:15,281 - Request: GET http://localhost:8000/api/v1/quizzes/1
2025-02-07 21:11:15,315 - Request: GET http://localhost:8000/api/v1/quizzes/active
2025-02-07 21:11:15,404 - Request: GET http://localhost:8000/api/v1/quizzes/4
2025-02-07 21:11:15,466 - Request: GET http://localhost:8000/api/v1/quizzes/1
2025-02-07 21:11:15,768 - Request: GET http://localhost:8000/api/v1/quizzes/active
2025-02-07 21:11:15,854 - Request: GET http://localhost:8000/api/v1/quizzes/4
2025-02-07 21:11:15,992 - Request: GET http://localhost:8000/api/v1/quizzes/1
2025-02-07 21:11:16,031 - Request: GET http://localhost:8000/api/v1/quizzes/4
2025-02-07 21:11:16,183 - Request: GET http://localhost:8000/api/v1/quizzes/1
2025-02-07 21:11:16,197 - Request: GET http://localhost:8000/api/v1/quizzes/4
2025-02-07 21:11:16,371 - Request: GET http://localhost:8000/api/v1/quizzes/4
2025-02-07 21:11:16,419 - Request: GET http://localhost:8000/api/v1/quizzes/1
2025-02-07 21:11:16,585 - Request: GET http://localhost:8000/api/v1/quizzes/1
2025-02-07 21:11:16,759 - Request: GET http://localhost:8000/api/v1/quizzes/1
2025-02-07 21:11:16,996 - Request: GET http://localhost:8000/api/v1/quizzes/1
2025-02-07 21:11:17,181 - Request: GET http://localhost:8000/api/v1/quizzes/1
2025-02-07 21:11:17,341 - Request: GET http://localhost:8000/api/v1/quizzes/1
2025-02-07 21:11:17,511 - Request: GET http://localhost:8000/api/v1/quizzes/1
2025-02-07 21:11:18,021 - Request: GET http://localhost:8000/api/v1/quizzes/1
2025-02-07 21:11:18,213 - Request: GET http://localhost:8000/api/v1/quizzes/1
2025-02-07 21:11:18,382 - Request: GET http://localhost:8000/api/v1/quizzes/1
2025-02-07 21:11:18,563 - Request: GET http://localhost:8000/api/v1/quizzes/1
2025-02-07 21:11:18,800 - Request: GET http://localhost:8000/api/v1/quizzes/1
2025-02-07 21:11:18,994 - Request: GET http://localhost:8000/api/v1/quizzes/1
2025-02-07 21:11:19,158 - Request: GET http://localhost:8000/api/v1/quizzes/1
2025-02-07 21:11:19,332 - Request: GET http://localhost:8000/api/v1/quizzes/1
2025-02-07 21:11:19,570 - Request: GET http://localhost:8000/api/v1/quizzes/1
2025-02-07 21:11:19,758 - Request: GET http://localhost:8000/api/v1/quizzes/1
2025-02-07 21:11:19,926 - Request: GET http://localhost:8000/api/v1/quizzes/1
2025-02-07 21:11:20,099 - Request: GET http://localhost:8000/api/v1/quizzes/1
2025-02-07 21:11:20,337 - Request: GET http://localhost:8000/api/v1/quizzes/1
2025-02-07 21:11:20,522 - Request: GET http://localhost:8000/api/v1/quizzes/1
2025-02-07 21:11:20,690 - Request: GET http://localhost:8000/api/v1/quizzes/1
2025-02-07 21:11:20,879 - Request: GET http://localhost:8000/api/v1/quizzes/1
2025-02-07 21:11:21,117 - Request: GET http://localhost:8000/api/v1/quizzes/1
2025-02-07 21:11:21,305 - Request: GET http://localhost:8000/api/v1/quizzes/1
2025-02-07 21:11:21,462 - Request: GET http://localhost:8000/api/v1/quizzes/1
2025-02-07 21:11:21,635 - Request: GET http://localhost:8000/api/v1/quizzes/1
2025-02-07 21:11:21,884 - Request: GET http://localhost:8000/api/v1/quizzes/1
2025-02-07 21:11:22,070 - Request: GET http://localhost:8000/api/v1/quizzes/1
2025-02-07 21:11:22,233 - Request: GET http://localhost:8000/api/v1/quizzes/1
2025-02-07 21:11:22,399 - Request: GET http://localhost:8000/api/v1/quizzes/1
2025-02-07 21:11:22,637 - Request: GET http://localhost:8000/api/v1/quizzes/1
2025-02-09 13:40:51,365 - Request: OPTIONS http://localhost:8000/api/v1/auth/login
2025-02-09 13:40:51,381 - Request: POST http://localhost:8000/api/v1/auth/login
2025-02-09 13:40:54,217 - Request: OPTIONS http://localhost:8000/api/v1/quizzes/active
2025-02-09 13:40:54,228 - Request: GET http://localhost:8000/api/v1/quizzes/active
2025-02-09 13:40:55,967 - Request: OPTIONS http://localhost:8000/api/v1/quiz-attempts/my-attempts
2025-02-09 13:40:55,973 - Request: GET http://localhost:8000/api/v1/quiz-attempts/my-attempts
2025-02-09 13:40:56,155 - Request: OPTIONS http://localhost:8000/api/v1/quizzes/4
2025-02-09 13:40:56,174 - Request: OPTIONS http://localhost:8000/api/v1/quizzes/4
2025-02-09 13:40:56,225 - Request: OPTIONS http://localhost:8000/api/v1/quizzes/4
2025-02-09 13:40:56,230 - Request: OPTIONS http://localhost:8000/api/v1/quizzes/3
2025-02-09 13:40:56,231 - Request: OPTIONS http://localhost:8000/api/v1/quizzes/4
2025-02-09 13:40:56,236 - Request: OPTIONS http://localhost:8000/api/v1/quizzes/4
2025-02-09 13:40:56,243 - Request: OPTIONS http://localhost:8000/api/v1/quizzes/4
2025-02-09 13:40:56,245 - Request: OPTIONS http://localhost:8000/api/v1/quizzes/4
2025-02-09 13:40:56,246 - Request: OPTIONS http://localhost:8000/api/v1/quizzes/4
2025-02-09 13:40:56,250 - Request: OPTIONS http://localhost:8000/api/v1/quizzes/4
2025-02-09 13:40:56,267 - Request: OPTIONS http://localhost:8000/api/v1/quizzes/4
2025-02-09 13:40:56,268 - Request: OPTIONS http://localhost:8000/api/v1/quizzes/4
2025-02-09 13:40:56,303 - Request: OPTIONS http://localhost:8000/api/v1/quizzes/4
2025-02-09 13:40:56,304 - Request: OPTIONS http://localhost:8000/api/v1/quizzes/1
2025-02-09 13:40:56,323 - Request: OPTIONS http://localhost:8000/api/v1/quizzes/1
2025-02-09 13:40:56,325 - Request: OPTIONS http://localhost:8000/api/v1/quizzes/1
2025-02-09 13:40:56,326 - Request: OPTIONS http://localhost:8000/api/v1/quizzes/1
2025-02-09 13:40:56,328 - Request: OPTIONS http://localhost:8000/api/v1/quizzes/1
2025-02-09 13:40:56,352 - Request: OPTIONS http://localhost:8000/api/v1/quizzes/1
2025-02-09 13:40:56,373 - Request: OPTIONS http://localhost:8000/api/v1/quizzes/1
2025-02-09 13:40:56,394 - Request: OPTIONS http://localhost:8000/api/v1/quizzes/1
2025-02-09 13:40:56,397 - Request: OPTIONS http://localhost:8000/api/v1/quizzes/1
2025-02-09 13:40:56,399 - Request: GET http://localhost:8000/api/v1/quizzes/4
2025-02-09 13:40:56,400 - Request: OPTIONS http://localhost:8000/api/v1/quizzes/1
2025-02-09 13:40:56,415 - Request: OPTIONS http://localhost:8000/api/v1/quizzes/1
2025-02-09 13:40:56,423 - Request: OPTIONS http://localhost:8000/api/v1/quizzes/1
2025-02-09 13:40:56,453 - Request: OPTIONS http://localhost:8000/api/v1/quizzes/1
2025-02-09 13:40:56,455 - Request: OPTIONS http://localhost:8000/api/v1/quizzes/1
2025-02-09 13:40:56,456 - Request: OPTIONS http://localhost:8000/api/v1/quizzes/1
2025-02-09 13:40:56,471 - Request: OPTIONS http://localhost:8000/api/v1/quizzes/1
2025-02-09 13:40:56,482 - Request: OPTIONS http://localhost:8000/api/v1/quizzes/1
2025-02-09 13:40:56,513 - Request: OPTIONS http://localhost:8000/api/v1/quizzes/1
2025-02-09 13:40:56,513 - Request: OPTIONS http://localhost:8000/api/v1/quizzes/1
2025-02-09 13:40:56,514 - Request: OPTIONS http://localhost:8000/api/v1/quizzes/1
2025-02-09 13:40:56,532 - Request: OPTIONS http://localhost:8000/api/v1/quizzes/1
2025-02-09 13:40:56,533 - Request: OPTIONS http://localhost:8000/api/v1/quizzes/1
2025-02-09 13:40:56,573 - Request: OPTIONS http://localhost:8000/api/v1/quizzes/1
2025-02-09 13:40:56,574 - Request: OPTIONS http://localhost:8000/api/v1/quizzes/1
2025-02-09 13:40:56,575 - Request: OPTIONS http://localhost:8000/api/v1/quizzes/1
2025-02-09 13:40:56,585 - Request: OPTIONS http://localhost:8000/api/v1/quizzes/2
2025-02-09 13:40:56,587 - Request: OPTIONS http://localhost:8000/api/v1/quizzes/1
2025-02-09 13:40:56,621 - Request: OPTIONS http://localhost:8000/api/v1/quizzes/1
2025-02-09 13:40:56,623 - Request: OPTIONS http://localhost:8000/api/v1/quizzes/1
2025-02-09 13:40:56,632 - Request: GET http://localhost:8000/api/v1/quizzes/1
2025-02-09 13:40:56,634 - Request: GET http://localhost:8000/api/v1/quizzes/3
2025-02-09 13:40:56,645 - Request: GET http://localhost:8000/api/v1/quizzes/2
2025-02-09 13:40:56,646 - Request: GET http://localhost:8000/api/v1/quizzes/4
2025-02-09 13:40:56,806 - Request: GET http://localhost:8000/api/v1/quizzes/1
2025-02-09 13:40:56,970 - Request: GET http://localhost:8000/api/v1/quizzes/1
2025-02-09 13:40:57,053 - Request: GET http://localhost:8000/api/v1/quizzes/4
2025-02-09 13:40:57,139 - Request: GET http://localhost:8000/api/v1/quizzes/1
2025-02-09 13:40:57,233 - Request: GET http://localhost:8000/api/v1/quizzes/4
2025-02-09 13:40:57,331 - Request: GET http://localhost:8000/api/v1/quizzes/1
2025-02-09 13:40:57,419 - Request: GET http://localhost:8000/api/v1/quizzes/4
2025-02-09 13:40:57,491 - Request: GET http://localhost:8000/api/v1/quizzes/1
2025-02-09 13:40:57,583 - Request: GET http://localhost:8000/api/v1/quizzes/4
2025-02-09 13:40:57,662 - Request: GET http://localhost:8000/api/v1/quizzes/1
2025-02-09 13:40:57,748 - Request: GET http://localhost:8000/api/v1/quizzes/4
2025-02-09 13:40:57,818 - Request: GET http://localhost:8000/api/v1/quizzes/1
2025-02-09 13:40:57,912 - Request: GET http://localhost:8000/api/v1/quizzes/4
2025-02-09 13:40:57,993 - Request: GET http://localhost:8000/api/v1/quizzes/1
2025-02-09 13:40:58,087 - Request: GET http://localhost:8000/api/v1/quizzes/4
2025-02-09 13:40:58,161 - Request: GET http://localhost:8000/api/v1/quizzes/1
2025-02-09 13:40:58,259 - Request: GET http://localhost:8000/api/v1/quizzes/4
2025-02-09 13:40:58,336 - Request: GET http://localhost:8000/api/v1/quizzes/1
2025-02-09 13:40:58,428 - Request: GET http://localhost:8000/api/v1/quizzes/4
2025-02-09 13:40:58,746 - Request: GET http://localhost:8000/api/v1/quizzes/1
2025-02-09 13:40:58,856 - Request: GET http://localhost:8000/api/v1/quizzes/4
2025-02-09 13:40:58,931 - Request: GET http://localhost:8000/api/v1/quizzes/1
2025-02-09 13:40:59,111 - Request: GET http://localhost:8000/api/v1/quizzes/1
2025-02-09 13:40:59,285 - Request: GET http://localhost:8000/api/v1/quizzes/1
2025-02-09 13:40:59,464 - Request: GET http://localhost:8000/api/v1/quizzes/1
2025-02-09 13:40:59,677 - Request: GET http://localhost:8000/api/v1/quizzes/1
2025-02-09 13:40:59,853 - Request: GET http://localhost:8000/api/v1/quizzes/1
2025-02-09 13:41:00,009 - Request: GET http://localhost:8000/api/v1/quizzes/1
2025-02-09 13:41:00,205 - Request: GET http://localhost:8000/api/v1/quizzes/1
2025-02-09 13:41:00,392 - Request: GET http://localhost:8000/api/v1/quizzes/1
2025-02-09 13:41:00,559 - Request: GET http://localhost:8000/api/v1/quizzes/1
2025-02-09 13:41:00,983 - Request: GET http://localhost:8000/api/v1/quizzes/1
2025-02-09 13:41:01,159 - Request: GET http://localhost:8000/api/v1/quizzes/1
2025-02-09 13:41:01,324 - Request: GET http://localhost:8000/api/v1/quizzes/1
2025-02-09 13:41:01,482 - Request: GET http://localhost:8000/api/v1/quizzes/1
2025-02-09 13:41:01,644 - Request: GET http://localhost:8000/api/v1/quizzes/1
2025-02-09 13:41:01,807 - Request: GET http://localhost:8000/api/v1/quizzes/1
2025-02-09 13:41:06,874 - Request: GET http://localhost:8000/api/v1/quizzes/active
2025-02-09 13:42:13,760 - Request: OPTIONS http://localhost:8000/api/v1/quiz-attempts/
2025-02-09 13:42:13,767 - Request: POST http://localhost:8000/api/v1/quiz-attempts/
2025-02-09 13:42:14,176 - Request: GET http://localhost:8000/api/v1/quizzes/4
2025-02-09 13:42:26,445 - Request: OPTIONS http://localhost:8000/api/v1/quiz-attempts/46/submit
2025-02-09 13:42:26,452 - Request: POST http://localhost:8000/api/v1/quiz-attempts/46/submit
2025-02-09 13:42:28,605 - Request: GET http://localhost:8000/api/v1/quizzes/active
2025-02-09 13:42:30,317 - Request: GET http://localhost:8000/api/v1/quiz-attempts/my-attempts
2025-02-09 13:42:30,493 - Request: GET http://localhost:8000/api/v1/quizzes/4
2025-02-09 13:42:30,496 - Request: GET http://localhost:8000/api/v1/quizzes/3
2025-02-09 13:42:30,504 - Request: GET http://localhost:8000/api/v1/quizzes/1
2025-02-09 13:42:30,516 - Request: GET http://localhost:8000/api/v1/quizzes/2
2025-02-09 13:42:30,665 - Request: GET http://localhost:8000/api/v1/quizzes/4
2025-02-09 13:42:30,674 - Request: GET http://localhost:8000/api/v1/quizzes/1
2025-02-09 13:42:30,829 - Request: GET http://localhost:8000/api/v1/quizzes/4
2025-02-09 13:42:30,842 - Request: GET http://localhost:8000/api/v1/quizzes/1
2025-02-09 13:42:31,003 - Request: GET http://localhost:8000/api/v1/quizzes/4
2025-02-09 13:42:31,022 - Request: GET http://localhost:8000/api/v1/quizzes/1
2025-02-09 13:42:31,163 - Request: GET http://localhost:8000/api/v1/quizzes/4
2025-02-09 13:42:31,184 - Request: GET http://localhost:8000/api/v1/quizzes/1
2025-02-09 13:42:31,329 - Request: GET http://localhost:8000/api/v1/quizzes/4
2025-02-09 13:42:31,351 - Request: GET http://localhost:8000/api/v1/quizzes/1
2025-02-09 13:42:31,491 - Request: GET http://localhost:8000/api/v1/quizzes/4
2025-02-09 13:42:31,511 - Request: GET http://localhost:8000/api/v1/quizzes/1
2025-02-09 13:42:31,656 - Request: GET http://localhost:8000/api/v1/quizzes/4
2025-02-09 13:42:31,677 - Request: GET http://localhost:8000/api/v1/quizzes/1
2025-02-09 13:42:31,814 - Request: GET http://localhost:8000/api/v1/quizzes/4
2025-02-09 13:42:31,840 - Request: GET http://localhost:8000/api/v1/quizzes/1
2025-02-09 13:42:31,987 - Request: GET http://localhost:8000/api/v1/quizzes/4
2025-02-09 13:42:32,024 - Request: GET http://localhost:8000/api/v1/quizzes/1
2025-02-09 13:42:32,150 - Request: GET http://localhost:8000/api/v1/quizzes/4
2025-02-09 13:42:32,188 - Request: GET http://localhost:8000/api/v1/quizzes/1
2025-02-09 13:42:32,320 - Request: GET http://localhost:8000/api/v1/quizzes/4
2025-02-09 13:42:32,363 - Request: GET http://localhost:8000/api/v1/quizzes/1
2025-02-09 13:42:32,488 - Request: GET http://localhost:8000/api/v1/quizzes/4
2025-02-09 13:42:32,528 - Request: GET http://localhost:8000/api/v1/quizzes/1
2025-02-09 13:42:32,702 - Request: GET http://localhost:8000/api/v1/quizzes/1
2025-02-09 13:42:32,892 - Request: GET http://localhost:8000/api/v1/quizzes/1
2025-02-09 13:42:33,055 - Request: GET http://localhost:8000/api/v1/quizzes/1
2025-02-09 13:42:33,221 - Request: GET http://localhost:8000/api/v1/quizzes/1
2025-02-09 13:42:33,389 - Request: GET http://localhost:8000/api/v1/quizzes/1
2025-02-09 13:42:33,547 - Request: GET http://localhost:8000/api/v1/quizzes/1
2025-02-09 13:42:33,703 - Request: GET http://localhost:8000/api/v1/quizzes/1
2025-02-09 13:42:33,869 - Request: GET http://localhost:8000/api/v1/quizzes/1
2025-02-09 13:42:34,041 - Request: GET http://localhost:8000/api/v1/quizzes/1
2025-02-09 13:42:34,202 - Request: GET http://localhost:8000/api/v1/quizzes/1
2025-02-09 13:42:34,367 - Request: GET http://localhost:8000/api/v1/quizzes/1
2025-02-09 13:42:34,537 - Request: GET http://localhost:8000/api/v1/quizzes/1
2025-02-09 13:42:34,708 - Request: GET http://localhost:8000/api/v1/quizzes/1
2025-02-09 13:42:34,870 - Request: GET http://localhost:8000/api/v1/quizzes/1
2025-02-09 13:42:35,032 - Request: GET http://localhost:8000/api/v1/quizzes/1
2025-02-09 13:42:43,810 - Request: OPTIONS http://localhost:8000/api/v1/quizzes/
2025-02-09 13:42:43,815 - Request: GET http://localhost:8000/api/v1/quizzes/
2025-02-09 13:42:46,902 - Request: OPTIONS http://localhost:8000/api/v1/admin/student-reports
2025-02-09 13:42:46,907 - Request: GET http://localhost:8000/api/v1/admin/student-reports
